{"/Users/havenbrown/Desktop/CSC_510/Projects/Project2/frontend/src/App.js": {"path":"/Users/havenbrown/Desktop/CSC_510/Projects/Project2/frontend/src/App.js","statementMap":{"0":{"start":{"line":18,"column":2},"end":{"line":18,"column":15}},"1":{"start":{"line":19,"column":18},"end":{"line":29,"column":3}},"2":{"start":{"line":30,"column":2},"end":{"line":35,"column":4}},"3":{"start":{"line":36,"column":2},"end":{"line":36,"column":55}},"4":{"start":{"line":37,"column":2},"end":{"line":37,"column":53}},"5":{"start":{"line":40,"column":17},"end":{"line":46,"column":2}},"6":{"start":{"line":41,"column":2},"end":{"line":41,"column":43}},"7":{"start":{"line":42,"column":2},"end":{"line":45,"column":5}},"8":{"start":{"line":49,"column":2},"end":{"line":62,"column":3}},"9":{"start":{"line":50,"column":18},"end":{"line":50,"column":48}},"10":{"start":{"line":51,"column":3},"end":{"line":61,"column":46}},"11":{"start":{"line":59,"column":5},"end":{"line":59,"column":35}},"12":{"start":{"line":61,"column":20},"end":{"line":61,"column":44}},"13":{"start":{"line":65,"column":18},"end":{"line":74,"column":2}},"14":{"start":{"line":66,"column":2},"end":{"line":66,"column":20}},"15":{"start":{"line":67,"column":2},"end":{"line":73,"column":5}},"16":{"start":{"line":76,"column":16},"end":{"line":82,"column":2}},"17":{"start":{"line":77,"column":2},"end":{"line":77,"column":35}},"18":{"start":{"line":78,"column":2},"end":{"line":78,"column":36}},"19":{"start":{"line":79,"column":2},"end":{"line":81,"column":5}},"20":{"start":{"line":86,"column":2},"end":{"line":101,"column":3}},"21":{"start":{"line":87,"column":3},"end":{"line":92,"column":5}},"22":{"start":{"line":93,"column":9},"end":{"line":101,"column":3}},"23":{"start":{"line":94,"column":3},"end":{"line":98,"column":5}},"24":{"start":{"line":100,"column":3},"end":{"line":100,"column":48}},"25":{"start":{"line":102,"column":2},"end":{"line":102,"column":33}},"26":{"start":{"line":108,"column":2},"end":{"line":158,"column":3}},"27":{"start":{"line":109,"column":3},"end":{"line":132,"column":5}},"28":{"start":{"line":134,"column":3},"end":{"line":157,"column":5}},"29":{"start":{"line":159,"column":2},"end":{"line":159,"column":13}}},"fnMap":{"0":{"name":"(anonymous_0)","decl":{"start":{"line":17,"column":1},"end":{"line":17,"column":2}},"loc":{"start":{"line":17,"column":20},"end":{"line":38,"column":2}},"line":17},"1":{"name":"(anonymous_1)","decl":{"start":{"line":40,"column":17},"end":{"line":40,"column":18}},"loc":{"start":{"line":40,"column":30},"end":{"line":46,"column":2}},"line":40},"2":{"name":"(anonymous_2)","decl":{"start":{"line":48,"column":1},"end":{"line":48,"column":2}},"loc":{"start":{"line":48,"column":27},"end":{"line":63,"column":2}},"line":48},"3":{"name":"(anonymous_3)","decl":{"start":{"line":58,"column":10},"end":{"line":58,"column":11}},"loc":{"start":{"line":58,"column":19},"end":{"line":60,"column":5}},"line":58},"4":{"name":"(anonymous_4)","decl":{"start":{"line":61,"column":11},"end":{"line":61,"column":12}},"loc":{"start":{"line":61,"column":20},"end":{"line":61,"column":44}},"line":61},"5":{"name":"(anonymous_5)","decl":{"start":{"line":65,"column":18},"end":{"line":65,"column":19}},"loc":{"start":{"line":65,"column":28},"end":{"line":74,"column":2}},"line":65},"6":{"name":"(anonymous_6)","decl":{"start":{"line":76,"column":16},"end":{"line":76,"column":17}},"loc":{"start":{"line":76,"column":22},"end":{"line":82,"column":2}},"line":76},"7":{"name":"(anonymous_7)","decl":{"start":{"line":84,"column":1},"end":{"line":84,"column":2}},"loc":{"start":{"line":84,"column":22},"end":{"line":103,"column":2}},"line":84},"8":{"name":"(anonymous_8)","decl":{"start":{"line":105,"column":1},"end":{"line":105,"column":2}},"loc":{"start":{"line":105,"column":10},"end":{"line":160,"column":2}},"line":105}},"branchMap":{"0":{"loc":{"start":{"line":49,"column":2},"end":{"line":62,"column":3}},"type":"if","locations":[{"start":{"line":49,"column":2},"end":{"line":62,"column":3}},{"start":{},"end":{}}],"line":49},"1":{"loc":{"start":{"line":86,"column":2},"end":{"line":101,"column":3}},"type":"if","locations":[{"start":{"line":86,"column":2},"end":{"line":101,"column":3}},{"start":{"line":93,"column":9},"end":{"line":101,"column":3}}],"line":86},"2":{"loc":{"start":{"line":93,"column":9},"end":{"line":101,"column":3}},"type":"if","locations":[{"start":{"line":93,"column":9},"end":{"line":101,"column":3}},{"start":{"line":99,"column":9},"end":{"line":101,"column":3}}],"line":93},"3":{"loc":{"start":{"line":108,"column":2},"end":{"line":158,"column":3}},"type":"if","locations":[{"start":{"line":108,"column":2},"end":{"line":158,"column":3}},{"start":{"line":133,"column":9},"end":{"line":158,"column":3}}],"line":108}},"s":{"0":1,"1":1,"2":1,"3":1,"4":1,"5":1,"6":0,"7":0,"8":1,"9":0,"10":0,"11":0,"12":0,"13":1,"14":0,"15":0,"16":1,"17":0,"18":0,"19":0,"20":0,"21":0,"22":0,"23":0,"24":0,"25":0,"26":1,"27":0,"28":1,"29":1},"f":{"0":1,"1":0,"2":1,"3":0,"4":0,"5":0,"6":0,"7":0,"8":1},"b":{"0":[0,1],"1":[0,0],"2":[0,0],"3":[0,1]},"_coverageSchema":"1a1c01bbd47fc00a2c39e90264f33305004495a9","hash":"79c8ea0b991ca20cb16579453c68826cf6bc87e6"}
,"/Users/havenbrown/Desktop/CSC_510/Projects/Project2/frontend/src/index.js": {"path":"/Users/havenbrown/Desktop/CSC_510/Projects/Project2/frontend/src/index.js","statementMap":{"0":{"start":{"line":8,"column":0},"end":{"line":13,"column":1}},"1":{"start":{"line":18,"column":0},"end":{"line":18,"column":17}}},"fnMap":{},"branchMap":{},"s":{"0":0,"1":0},"f":{},"b":{}}
,"/Users/havenbrown/Desktop/CSC_510/Projects/Project2/frontend/src/reportWebVitals.js": {"path":"/Users/havenbrown/Desktop/CSC_510/Projects/Project2/frontend/src/reportWebVitals.js","statementMap":{"0":{"start":{"line":1,"column":24},"end":{"line":11,"column":1}},"1":{"start":{"line":2,"column":2},"end":{"line":10,"column":3}},"2":{"start":{"line":3,"column":4},"end":{"line":9,"column":6}},"3":{"start":{"line":4,"column":6},"end":{"line":4,"column":25}},"4":{"start":{"line":5,"column":6},"end":{"line":5,"column":25}},"5":{"start":{"line":6,"column":6},"end":{"line":6,"column":25}},"6":{"start":{"line":7,"column":6},"end":{"line":7,"column":25}},"7":{"start":{"line":8,"column":6},"end":{"line":8,"column":26}}},"fnMap":{"0":{"name":"(anonymous_0)","decl":{"start":{"line":1,"column":24},"end":{"line":1,"column":25}},"loc":{"start":{"line":1,"column":39},"end":{"line":11,"column":1}},"line":1},"1":{"name":"(anonymous_1)","decl":{"start":{"line":3,"column":30},"end":{"line":3,"column":31}},"loc":{"start":{"line":3,"column":79},"end":{"line":9,"column":5}},"line":3}},"branchMap":{"0":{"loc":{"start":{"line":2,"column":2},"end":{"line":10,"column":3}},"type":"if","locations":[{"start":{"line":2,"column":2},"end":{"line":10,"column":3}},{"start":{},"end":{}}],"line":2},"1":{"loc":{"start":{"line":2,"column":6},"end":{"line":2,"column":52}},"type":"binary-expr","locations":[{"start":{"line":2,"column":6},"end":{"line":2,"column":17}},{"start":{"line":2,"column":21},"end":{"line":2,"column":52}}],"line":2}},"s":{"0":0,"1":0,"2":0,"3":0,"4":0,"5":0,"6":0,"7":0},"f":{"0":0,"1":0},"b":{"0":[0,0],"1":[0,0]}}
,"/Users/havenbrown/Desktop/CSC_510/Projects/Project2/frontend/src/Modals/JobDescription.js": {"path":"/Users/havenbrown/Desktop/CSC_510/Projects/Project2/frontend/src/Modals/JobDescription.js","statementMap":{"0":{"start":{"line":5,"column":23},"end":{"line":52,"column":1}},"1":{"start":{"line":6,"column":35},"end":{"line":6,"column":40}},"2":{"start":{"line":7,"column":56},"end":{"line":7,"column":67}},"3":{"start":{"line":8,"column":1},"end":{"line":51,"column":3}},"4":{"start":{"line":19,"column":8},"end":{"line":19,"column":34}},"5":{"start":{"line":29,"column":8},"end":{"line":29,"column":34}},"6":{"start":{"line":39,"column":8},"end":{"line":39,"column":34}},"7":{"start":{"line":46,"column":60},"end":{"line":46,"column":74}}},"fnMap":{"0":{"name":"(anonymous_0)","decl":{"start":{"line":5,"column":23},"end":{"line":5,"column":24}},"loc":{"start":{"line":5,"column":34},"end":{"line":52,"column":1}},"line":5},"1":{"name":"(anonymous_1)","decl":{"start":{"line":18,"column":27},"end":{"line":18,"column":28}},"loc":{"start":{"line":19,"column":8},"end":{"line":19,"column":34}},"line":19},"2":{"name":"(anonymous_2)","decl":{"start":{"line":28,"column":29},"end":{"line":28,"column":30}},"loc":{"start":{"line":29,"column":8},"end":{"line":29,"column":34}},"line":29},"3":{"name":"(anonymous_3)","decl":{"start":{"line":38,"column":21},"end":{"line":38,"column":22}},"loc":{"start":{"line":39,"column":8},"end":{"line":39,"column":34}},"line":39},"4":{"name":"(anonymous_4)","decl":{"start":{"line":46,"column":54},"end":{"line":46,"column":55}},"loc":{"start":{"line":46,"column":60},"end":{"line":46,"column":74}},"line":46}},"branchMap":{"0":{"loc":{"start":{"line":14,"column":5},"end":{"line":23,"column":5}},"type":"binary-expr","locations":[{"start":{"line":14,"column":5},"end":{"line":14,"column":19}},{"start":{"line":14,"column":23},"end":{"line":14,"column":48}},{"start":{"line":15,"column":5},"end":{"line":22,"column":11}}],"line":14},"1":{"loc":{"start":{"line":24,"column":5},"end":{"line":33,"column":5}},"type":"binary-expr","locations":[{"start":{"line":24,"column":5},"end":{"line":24,"column":21}},{"start":{"line":24,"column":25},"end":{"line":24,"column":52}},{"start":{"line":25,"column":5},"end":{"line":32,"column":11}}],"line":24},"2":{"loc":{"start":{"line":34,"column":5},"end":{"line":43,"column":5}},"type":"binary-expr","locations":[{"start":{"line":34,"column":5},"end":{"line":34,"column":13}},{"start":{"line":34,"column":17},"end":{"line":34,"column":36}},{"start":{"line":35,"column":5},"end":{"line":42,"column":11}}],"line":34}},"s":{"0":0,"1":0,"2":0,"3":0,"4":0,"5":0,"6":0,"7":0},"f":{"0":0,"1":0,"2":0,"3":0,"4":0},"b":{"0":[0,0,0],"1":[0,0,0],"2":[0,0,0]}}
,"/Users/havenbrown/Desktop/CSC_510/Projects/Project2/frontend/src/api/applicationHandler.js": {"path":"/Users/havenbrown/Desktop/CSC_510/Projects/Project2/frontend/src/api/applicationHandler.js","statementMap":{"0":{"start":{"line":3,"column":31},"end":{"line":12,"column":1}},"1":{"start":{"line":5,"column":2},"end":{"line":11,"column":4}}},"fnMap":{"0":{"name":"(anonymous_0)","decl":{"start":{"line":3,"column":31},"end":{"line":3,"column":32}},"loc":{"start":{"line":3,"column":37},"end":{"line":12,"column":1}},"line":3}},"branchMap":{},"s":{"0":0,"1":0},"f":{"0":0},"b":{}}
,"/Users/havenbrown/Desktop/CSC_510/Projects/Project2/frontend/src/api/handler.js": {"path":"/Users/havenbrown/Desktop/CSC_510/Projects/Project2/frontend/src/api/handler.js","statementMap":{"0":{"start":{"line":4,"column":2},"end":{"line":20,"column":4}},"1":{"start":{"line":5,"column":4},"end":{"line":19,"column":6}},"2":{"start":{"line":12,"column":6},"end":{"line":12,"column":28}},"3":{"start":{"line":14,"column":6},"end":{"line":17,"column":7}},"4":{"start":{"line":15,"column":8},"end":{"line":15,"column":35}},"5":{"start":{"line":16,"column":8},"end":{"line":16,"column":40}},"6":{"start":{"line":18,"column":6},"end":{"line":18,"column":15}}},"fnMap":{"0":{"name":"fetch","decl":{"start":{"line":3,"column":24},"end":{"line":3,"column":29}},"loc":{"start":{"line":3,"column":40},"end":{"line":21,"column":1}},"line":3},"1":{"name":"(anonymous_1)","decl":{"start":{"line":4,"column":21},"end":{"line":4,"column":22}},"loc":{"start":{"line":4,"column":42},"end":{"line":20,"column":3}},"line":4},"2":{"name":"(anonymous_2)","decl":{"start":{"line":11,"column":12},"end":{"line":11,"column":13}},"loc":{"start":{"line":11,"column":26},"end":{"line":13,"column":5}},"line":11},"3":{"name":"(anonymous_3)","decl":{"start":{"line":13,"column":13},"end":{"line":13,"column":14}},"loc":{"start":{"line":13,"column":20},"end":{"line":19,"column":5}},"line":13}},"branchMap":{"0":{"loc":{"start":{"line":14,"column":6},"end":{"line":17,"column":7}},"type":"if","locations":[{"start":{"line":14,"column":6},"end":{"line":17,"column":7}},{"start":{},"end":{}}],"line":14}},"s":{"0":0,"1":0,"2":0,"3":0,"4":0,"5":0,"6":0},"f":{"0":0,"1":0,"2":0,"3":0},"b":{"0":[0,0]},"_coverageSchema":"1a1c01bbd47fc00a2c39e90264f33305004495a9","hash":"f4d8e0e7f41443ddaec7c505dd19ea6e84870889"}
,"/Users/havenbrown/Desktop/CSC_510/Projects/Project2/frontend/src/api/loginHandler.js": {"path":"/Users/havenbrown/Desktop/CSC_510/Projects/Project2/frontend/src/api/loginHandler.js","statementMap":{"0":{"start":{"line":3,"column":24},"end":{"line":10,"column":1}},"1":{"start":{"line":5,"column":2},"end":{"line":9,"column":5}},"2":{"start":{"line":12,"column":22},"end":{"line":18,"column":1}},"3":{"start":{"line":13,"column":2},"end":{"line":17,"column":5}},"4":{"start":{"line":20,"column":26},"end":{"line":45,"column":1}},"5":{"start":{"line":21,"column":2},"end":{"line":21,"column":37}},"6":{"start":{"line":23,"column":2},"end":{"line":26,"column":3}},"7":{"start":{"line":24,"column":6},"end":{"line":24,"column":47}},"8":{"start":{"line":25,"column":6},"end":{"line":25,"column":13}},"9":{"start":{"line":28,"column":2},"end":{"line":28,"column":43}},"10":{"start":{"line":29,"column":2},"end":{"line":29,"column":45}},"11":{"start":{"line":30,"column":2},"end":{"line":30,"column":45}},"12":{"start":{"line":33,"column":2},"end":{"line":44,"column":3}},"13":{"start":{"line":34,"column":6},"end":{"line":43,"column":10}}},"fnMap":{"0":{"name":"(anonymous_0)","decl":{"start":{"line":3,"column":24},"end":{"line":3,"column":25}},"loc":{"start":{"line":3,"column":36},"end":{"line":10,"column":1}},"line":3},"1":{"name":"(anonymous_1)","decl":{"start":{"line":12,"column":22},"end":{"line":12,"column":23}},"loc":{"start":{"line":12,"column":34},"end":{"line":18,"column":1}},"line":12},"2":{"name":"(anonymous_2)","decl":{"start":{"line":20,"column":26},"end":{"line":20,"column":27}},"loc":{"start":{"line":20,"column":35},"end":{"line":45,"column":1}},"line":20}},"branchMap":{"0":{"loc":{"start":{"line":23,"column":2},"end":{"line":26,"column":3}},"type":"if","locations":[{"start":{"line":23,"column":2},"end":{"line":26,"column":3}},{"start":{},"end":{}}],"line":23},"1":{"loc":{"start":{"line":33,"column":2},"end":{"line":44,"column":3}},"type":"if","locations":[{"start":{"line":33,"column":2},"end":{"line":44,"column":3}},{"start":{},"end":{}}],"line":33},"2":{"loc":{"start":{"line":35,"column":18},"end":{"line":35,"column":42}},"type":"binary-expr","locations":[{"start":{"line":35,"column":18},"end":{"line":35,"column":36}},{"start":{"line":35,"column":40},"end":{"line":35,"column":42}}],"line":35},"3":{"loc":{"start":{"line":36,"column":22},"end":{"line":36,"column":50}},"type":"binary-expr","locations":[{"start":{"line":36,"column":22},"end":{"line":36,"column":44}},{"start":{"line":36,"column":48},"end":{"line":36,"column":50}}],"line":36},"4":{"loc":{"start":{"line":37,"column":21},"end":{"line":37,"column":48}},"type":"binary-expr","locations":[{"start":{"line":37,"column":21},"end":{"line":37,"column":42}},{"start":{"line":37,"column":46},"end":{"line":37,"column":48}}],"line":37},"5":{"loc":{"start":{"line":38,"column":23},"end":{"line":38,"column":52}},"type":"binary-expr","locations":[{"start":{"line":38,"column":23},"end":{"line":38,"column":46}},{"start":{"line":38,"column":50},"end":{"line":38,"column":52}}],"line":38},"6":{"loc":{"start":{"line":39,"column":24},"end":{"line":39,"column":54}},"type":"binary-expr","locations":[{"start":{"line":39,"column":24},"end":{"line":39,"column":48}},{"start":{"line":39,"column":52},"end":{"line":39,"column":54}}],"line":39},"7":{"loc":{"start":{"line":40,"column":19},"end":{"line":40,"column":44}},"type":"binary-expr","locations":[{"start":{"line":40,"column":19},"end":{"line":40,"column":38}},{"start":{"line":40,"column":42},"end":{"line":40,"column":44}}],"line":40},"8":{"loc":{"start":{"line":41,"column":17},"end":{"line":41,"column":40}},"type":"binary-expr","locations":[{"start":{"line":41,"column":17},"end":{"line":41,"column":34}},{"start":{"line":41,"column":38},"end":{"line":41,"column":40}}],"line":41},"9":{"loc":{"start":{"line":42,"column":20},"end":{"line":42,"column":46}},"type":"binary-expr","locations":[{"start":{"line":42,"column":20},"end":{"line":42,"column":40}},{"start":{"line":42,"column":44},"end":{"line":42,"column":46}}],"line":42}},"s":{"0":1,"1":0,"2":1,"3":0,"4":1,"5":0,"6":0,"7":0,"8":0,"9":0,"10":0,"11":0,"12":0,"13":0},"f":{"0":0,"1":0,"2":0},"b":{"0":[0,0],"1":[0,0],"2":[0,0],"3":[0,0],"4":[0,0],"5":[0,0],"6":[0,0],"7":[0,0],"8":[0,0],"9":[0,0]},"_coverageSchema":"1a1c01bbd47fc00a2c39e90264f33305004495a9","hash":"3707e5c61ab62de3d706fb0efe4c848be4943f1b"}
,"/Users/havenbrown/Desktop/CSC_510/Projects/Project2/frontend/src/application/ApplicationPage.js": {"path":"/Users/havenbrown/Desktop/CSC_510/Projects/Project2/frontend/src/application/ApplicationPage.js","statementMap":{"0":{"start":{"line":5,"column":25},"end":{"line":186,"column":1}},"1":{"start":{"line":6,"column":38},"end":{"line":6,"column":52}},"2":{"start":{"line":7,"column":24},"end":{"line":7,"column":34}},"3":{"start":{"line":8,"column":32},"end":{"line":8,"column":42}},"4":{"start":{"line":9,"column":34},"end":{"line":9,"column":44}},"5":{"start":{"line":10,"column":30},"end":{"line":10,"column":40}},"6":{"start":{"line":11,"column":26},"end":{"line":11,"column":36}},"7":{"start":{"line":12,"column":32},"end":{"line":12,"column":42}},"8":{"start":{"line":13,"column":34},"end":{"line":13,"column":44}},"9":{"start":{"line":15,"column":21},"end":{"line":27,"column":3}},"10":{"start":{"line":16,"column":17},"end":{"line":16,"column":19}},"11":{"start":{"line":17,"column":4},"end":{"line":24,"column":26}},"12":{"start":{"line":18,"column":6},"end":{"line":18,"column":27}},"13":{"start":{"line":19,"column":9},"end":{"line":24,"column":26}},"14":{"start":{"line":20,"column":6},"end":{"line":20,"column":38}},"15":{"start":{"line":21,"column":9},"end":{"line":24,"column":26}},"16":{"start":{"line":22,"column":6},"end":{"line":22,"column":25}},"17":{"start":{"line":23,"column":9},"end":{"line":24,"column":26}},"18":{"start":{"line":24,"column":6},"end":{"line":24,"column":26}},"19":{"start":{"line":26,"column":4},"end":{"line":26,"column":18}},"20":{"start":{"line":29,"column":2},"end":{"line":185,"column":4}},"21":{"start":{"line":32,"column":8},"end":{"line":32,"column":30}},"22":{"start":{"line":33,"column":8},"end":{"line":33,"column":29}},"23":{"start":{"line":34,"column":8},"end":{"line":34,"column":26}},"24":{"start":{"line":35,"column":8},"end":{"line":35,"column":21}},"25":{"start":{"line":36,"column":8},"end":{"line":36,"column":25}},"26":{"start":{"line":37,"column":8},"end":{"line":37,"column":26}},"27":{"start":{"line":38,"column":8},"end":{"line":38,"column":24}},"28":{"start":{"line":39,"column":8},"end":{"line":39,"column":22}},"29":{"start":{"line":40,"column":8},"end":{"line":40,"column":24}},"30":{"start":{"line":41,"column":8},"end":{"line":41,"column":25}},"31":{"start":{"line":48,"column":12},"end":{"line":104,"column":18}},"32":{"start":{"line":63,"column":18},"end":{"line":63,"column":46}},"33":{"start":{"line":64,"column":18},"end":{"line":64,"column":39}},"34":{"start":{"line":65,"column":18},"end":{"line":65,"column":47}},"35":{"start":{"line":66,"column":18},"end":{"line":66,"column":54}},"36":{"start":{"line":67,"column":18},"end":{"line":67,"column":52}},"37":{"start":{"line":68,"column":18},"end":{"line":68,"column":48}},"38":{"start":{"line":69,"column":18},"end":{"line":69,"column":44}},"39":{"start":{"line":70,"column":18},"end":{"line":70,"column":48}},"40":{"start":{"line":71,"column":18},"end":{"line":71,"column":50}},"41":{"start":{"line":72,"column":18},"end":{"line":72,"column":37}},"42":{"start":{"line":110,"column":46},"end":{"line":110,"column":65}},"43":{"start":{"line":120,"column":129},"end":{"line":120,"column":151}},"44":{"start":{"line":125,"column":139},"end":{"line":125,"column":165}},"45":{"start":{"line":130,"column":102},"end":{"line":130,"column":125}},"46":{"start":{"line":135,"column":131},"end":{"line":135,"column":157}},"47":{"start":{"line":140,"column":133},"end":{"line":140,"column":160}},"48":{"start":{"line":147,"column":96},"end":{"line":147,"column":121}},"49":{"start":{"line":162,"column":16},"end":{"line":162,"column":35}},"50":{"start":{"line":163,"column":16},"end":{"line":163,"column":61}},"51":{"start":{"line":164,"column":16},"end":{"line":164,"column":36}},"52":{"start":{"line":169,"column":12},"end":{"line":169,"column":31}},"53":{"start":{"line":170,"column":27},"end":{"line":170,"column":68}},"54":{"start":{"line":171,"column":30},"end":{"line":171,"column":74}},"55":{"start":{"line":172,"column":27},"end":{"line":172,"column":68}},"56":{"start":{"line":173,"column":23},"end":{"line":173,"column":60}},"57":{"start":{"line":174,"column":25},"end":{"line":174,"column":64}},"58":{"start":{"line":175,"column":26},"end":{"line":175,"column":66}},"59":{"start":{"line":176,"column":12},"end":{"line":176,"column":113}},"60":{"start":{"line":177,"column":12},"end":{"line":177,"column":32}},"61":{"start":{"line":188,"column":24},"end":{"line":317,"column":1}},"62":{"start":{"line":189,"column":48},"end":{"line":189,"column":60}},"63":{"start":{"line":190,"column":56},"end":{"line":190,"column":70}},"64":{"start":{"line":191,"column":36},"end":{"line":191,"column":50}},"65":{"start":{"line":193,"column":2},"end":{"line":207,"column":18}},"66":{"start":{"line":195,"column":4},"end":{"line":206,"column":5}},"67":{"start":{"line":196,"column":6},"end":{"line":205,"column":50}},"68":{"start":{"line":204,"column":28},"end":{"line":204,"column":43}},"69":{"start":{"line":205,"column":24},"end":{"line":205,"column":48}},"70":{"start":{"line":209,"column":24},"end":{"line":211,"column":3}},"71":{"start":{"line":210,"column":4},"end":{"line":210,"column":39}},"72":{"start":{"line":213,"column":30},"end":{"line":282,"column":3}},"73":{"start":{"line":215,"column":24},"end":{"line":223,"column":7}},"74":{"start":{"line":225,"column":6},"end":{"line":278,"column":7}},"75":{"start":{"line":226,"column":8},"end":{"line":250,"column":13}},"76":{"start":{"line":240,"column":30},"end":{"line":240,"column":45}},"77":{"start":{"line":243,"column":12},"end":{"line":243,"column":37}},"78":{"start":{"line":244,"column":12},"end":{"line":244,"column":95}},"79":{"start":{"line":244,"column":56},"end":{"line":244,"column":93}},"80":{"start":{"line":248,"column":12},"end":{"line":248,"column":43}},"81":{"start":{"line":249,"column":12},"end":{"line":249,"column":47}},"82":{"start":{"line":252,"column":8},"end":{"line":277,"column":13}},"83":{"start":{"line":264,"column":30},"end":{"line":264,"column":45}},"84":{"start":{"line":266,"column":12},"end":{"line":271,"column":15}},"85":{"start":{"line":267,"column":45},"end":{"line":269,"column":15}},"86":{"start":{"line":268,"column":16},"end":{"line":268,"column":75}},"87":{"start":{"line":270,"column":14},"end":{"line":270,"column":44}},"88":{"start":{"line":275,"column":12},"end":{"line":275,"column":43}},"89":{"start":{"line":276,"column":12},"end":{"line":276,"column":35}},"90":{"start":{"line":279,"column":6},"end":{"line":279,"column":35}},"91":{"start":{"line":284,"column":34},"end":{"line":308,"column":3}},"92":{"start":{"line":285,"column":4},"end":{"line":305,"column":9}},"93":{"start":{"line":297,"column":26},"end":{"line":297,"column":41}},"94":{"start":{"line":299,"column":8},"end":{"line":299,"column":27}},"95":{"start":{"line":303,"column":8},"end":{"line":303,"column":39}},"96":{"start":{"line":304,"column":8},"end":{"line":304,"column":54}},"97":{"start":{"line":306,"column":4},"end":{"line":306,"column":24}},"98":{"start":{"line":307,"column":4},"end":{"line":307,"column":33}},"99":{"start":{"line":310,"column":2},"end":{"line":316,"column":5}}},"fnMap":{"0":{"name":"(anonymous_0)","decl":{"start":{"line":5,"column":25},"end":{"line":5,"column":26}},"loc":{"start":{"line":5,"column":134},"end":{"line":186,"column":1}},"line":5},"1":{"name":"(anonymous_1)","decl":{"start":{"line":15,"column":21},"end":{"line":15,"column":22}},"loc":{"start":{"line":15,"column":32},"end":{"line":27,"column":3}},"line":15},"2":{"name":"(anonymous_2)","decl":{"start":{"line":31,"column":108},"end":{"line":31,"column":109}},"loc":{"start":{"line":31,"column":114},"end":{"line":42,"column":7}},"line":31},"3":{"name":"(anonymous_3)","decl":{"start":{"line":47,"column":31},"end":{"line":47,"column":32}},"loc":{"start":{"line":48,"column":12},"end":{"line":104,"column":18}},"line":48},"4":{"name":"(anonymous_4)","decl":{"start":{"line":62,"column":25},"end":{"line":62,"column":26}},"loc":{"start":{"line":62,"column":31},"end":{"line":73,"column":17}},"line":62},"5":{"name":"(anonymous_5)","decl":{"start":{"line":110,"column":40},"end":{"line":110,"column":41}},"loc":{"start":{"line":110,"column":46},"end":{"line":110,"column":65}},"line":110},"6":{"name":"(anonymous_6)","decl":{"start":{"line":120,"column":122},"end":{"line":120,"column":123}},"loc":{"start":{"line":120,"column":129},"end":{"line":120,"column":151}},"line":120},"7":{"name":"(anonymous_7)","decl":{"start":{"line":125,"column":132},"end":{"line":125,"column":133}},"loc":{"start":{"line":125,"column":139},"end":{"line":125,"column":165}},"line":125},"8":{"name":"(anonymous_8)","decl":{"start":{"line":130,"column":95},"end":{"line":130,"column":96}},"loc":{"start":{"line":130,"column":102},"end":{"line":130,"column":125}},"line":130},"9":{"name":"(anonymous_9)","decl":{"start":{"line":135,"column":124},"end":{"line":135,"column":125}},"loc":{"start":{"line":135,"column":131},"end":{"line":135,"column":157}},"line":135},"10":{"name":"(anonymous_10)","decl":{"start":{"line":140,"column":126},"end":{"line":140,"column":127}},"loc":{"start":{"line":140,"column":133},"end":{"line":140,"column":160}},"line":140},"11":{"name":"(anonymous_11)","decl":{"start":{"line":147,"column":89},"end":{"line":147,"column":90}},"loc":{"start":{"line":147,"column":96},"end":{"line":147,"column":121}},"line":147},"12":{"name":"(anonymous_12)","decl":{"start":{"line":161,"column":48},"end":{"line":161,"column":49}},"loc":{"start":{"line":161,"column":55},"end":{"line":165,"column":15}},"line":161},"13":{"name":"(anonymous_13)","decl":{"start":{"line":168,"column":45},"end":{"line":168,"column":46}},"loc":{"start":{"line":168,"column":52},"end":{"line":178,"column":11}},"line":168},"14":{"name":"(anonymous_14)","decl":{"start":{"line":188,"column":24},"end":{"line":188,"column":25}},"loc":{"start":{"line":188,"column":30},"end":{"line":317,"column":1}},"line":188},"15":{"name":"(anonymous_15)","decl":{"start":{"line":193,"column":12},"end":{"line":193,"column":13}},"loc":{"start":{"line":193,"column":18},"end":{"line":207,"column":3}},"line":193},"16":{"name":"(anonymous_16)","decl":{"start":{"line":204,"column":14},"end":{"line":204,"column":15}},"loc":{"start":{"line":204,"column":28},"end":{"line":204,"column":43}},"line":204},"17":{"name":"(anonymous_17)","decl":{"start":{"line":205,"column":14},"end":{"line":205,"column":15}},"loc":{"start":{"line":205,"column":24},"end":{"line":205,"column":48}},"line":205},"18":{"name":"(anonymous_18)","decl":{"start":{"line":209,"column":24},"end":{"line":209,"column":25}},"loc":{"start":{"line":209,"column":40},"end":{"line":211,"column":3}},"line":209},"19":{"name":"(anonymous_19)","decl":{"start":{"line":214,"column":4},"end":{"line":214,"column":5}},"loc":{"start":{"line":214,"column":59},"end":{"line":280,"column":5}},"line":214},"20":{"name":"(anonymous_20)","decl":{"start":{"line":240,"column":16},"end":{"line":240,"column":17}},"loc":{"start":{"line":240,"column":30},"end":{"line":240,"column":45}},"line":240},"21":{"name":"(anonymous_21)","decl":{"start":{"line":241,"column":16},"end":{"line":241,"column":17}},"loc":{"start":{"line":241,"column":26},"end":{"line":245,"column":11}},"line":241},"22":{"name":"(anonymous_22)","decl":{"start":{"line":244,"column":31},"end":{"line":244,"column":32}},"loc":{"start":{"line":244,"column":56},"end":{"line":244,"column":93}},"line":244},"23":{"name":"(anonymous_23)","decl":{"start":{"line":246,"column":17},"end":{"line":246,"column":18}},"loc":{"start":{"line":246,"column":28},"end":{"line":250,"column":11}},"line":246},"24":{"name":"(anonymous_24)","decl":{"start":{"line":264,"column":16},"end":{"line":264,"column":17}},"loc":{"start":{"line":264,"column":30},"end":{"line":264,"column":45}},"line":264},"25":{"name":"(anonymous_25)","decl":{"start":{"line":265,"column":16},"end":{"line":265,"column":17}},"loc":{"start":{"line":265,"column":26},"end":{"line":272,"column":11}},"line":265},"26":{"name":"(anonymous_26)","decl":{"start":{"line":266,"column":31},"end":{"line":266,"column":32}},"loc":{"start":{"line":266,"column":56},"end":{"line":271,"column":13}},"line":266},"27":{"name":"(anonymous_27)","decl":{"start":{"line":267,"column":69},"end":{"line":267,"column":70}},"loc":{"start":{"line":268,"column":16},"end":{"line":268,"column":75}},"line":268},"28":{"name":"(anonymous_28)","decl":{"start":{"line":273,"column":17},"end":{"line":273,"column":18}},"loc":{"start":{"line":273,"column":28},"end":{"line":277,"column":11}},"line":273},"29":{"name":"(anonymous_29)","decl":{"start":{"line":284,"column":34},"end":{"line":284,"column":35}},"loc":{"start":{"line":284,"column":51},"end":{"line":308,"column":3}},"line":284},"30":{"name":"(anonymous_30)","decl":{"start":{"line":297,"column":12},"end":{"line":297,"column":13}},"loc":{"start":{"line":297,"column":26},"end":{"line":297,"column":41}},"line":297},"31":{"name":"(anonymous_31)","decl":{"start":{"line":298,"column":12},"end":{"line":298,"column":13}},"loc":{"start":{"line":298,"column":22},"end":{"line":300,"column":7}},"line":298},"32":{"name":"(anonymous_32)","decl":{"start":{"line":301,"column":13},"end":{"line":301,"column":14}},"loc":{"start":{"line":301,"column":24},"end":{"line":305,"column":7}},"line":301}},"branchMap":{"0":{"loc":{"start":{"line":17,"column":4},"end":{"line":24,"column":26}},"type":"if","locations":[{"start":{"line":17,"column":4},"end":{"line":24,"column":26}},{"start":{"line":19,"column":9},"end":{"line":24,"column":26}}],"line":17},"1":{"loc":{"start":{"line":19,"column":9},"end":{"line":24,"column":26}},"type":"if","locations":[{"start":{"line":19,"column":9},"end":{"line":24,"column":26}},{"start":{"line":21,"column":9},"end":{"line":24,"column":26}}],"line":19},"2":{"loc":{"start":{"line":21,"column":9},"end":{"line":24,"column":26}},"type":"if","locations":[{"start":{"line":21,"column":9},"end":{"line":24,"column":26}},{"start":{"line":23,"column":9},"end":{"line":24,"column":26}}],"line":21},"3":{"loc":{"start":{"line":23,"column":9},"end":{"line":24,"column":26}},"type":"if","locations":[{"start":{"line":23,"column":9},"end":{"line":24,"column":26}},{"start":{},"end":{}}],"line":23},"4":{"loc":{"start":{"line":159,"column":11},"end":{"line":167,"column":28}},"type":"binary-expr","locations":[{"start":{"line":159,"column":11},"end":{"line":159,"column":20}},{"start":{"line":160,"column":12},"end":{"line":167,"column":27}}],"line":159},"5":{"loc":{"start":{"line":195,"column":4},"end":{"line":206,"column":5}},"type":"if","locations":[{"start":{"line":195,"column":4},"end":{"line":206,"column":5}},{"start":{},"end":{}}],"line":195},"6":{"loc":{"start":{"line":216,"column":12},"end":{"line":216,"column":26}},"type":"cond-expr","locations":[{"start":{"line":216,"column":17},"end":{"line":216,"column":19}},{"start":{"line":216,"column":22},"end":{"line":216,"column":26}}],"line":216},"7":{"loc":{"start":{"line":225,"column":6},"end":{"line":278,"column":7}},"type":"if","locations":[{"start":{"line":225,"column":6},"end":{"line":278,"column":7}},{"start":{"line":251,"column":13},"end":{"line":278,"column":7}}],"line":225},"8":{"loc":{"start":{"line":268,"column":16},"end":{"line":268,"column":75}},"type":"cond-expr","locations":[{"start":{"line":268,"column":51},"end":{"line":268,"column":62}},{"start":{"line":268,"column":65},"end":{"line":268,"column":75}}],"line":268}},"s":{"0":1,"1":0,"2":0,"3":0,"4":0,"5":0,"6":0,"7":0,"8":0,"9":0,"10":0,"11":0,"12":0,"13":0,"14":0,"15":0,"16":0,"17":0,"18":0,"19":0,"20":0,"21":0,"22":0,"23":0,"24":0,"25":0,"26":0,"27":0,"28":0,"29":0,"30":0,"31":0,"32":0,"33":0,"34":0,"35":0,"36":0,"37":0,"38":0,"39":0,"40":0,"41":0,"42":0,"43":0,"44":0,"45":0,"46":0,"47":0,"48":0,"49":0,"50":0,"51":0,"52":0,"53":0,"54":0,"55":0,"56":0,"57":0,"58":0,"59":0,"60":0,"61":1,"62":0,"63":0,"64":0,"65":0,"66":0,"67":0,"68":0,"69":0,"70":0,"71":0,"72":0,"73":0,"74":0,"75":0,"76":0,"77":0,"78":0,"79":0,"80":0,"81":0,"82":0,"83":0,"84":0,"85":0,"86":0,"87":0,"88":0,"89":0,"90":0,"91":0,"92":0,"93":0,"94":0,"95":0,"96":0,"97":0,"98":0,"99":0},"f":{"0":0,"1":0,"2":0,"3":0,"4":0,"5":0,"6":0,"7":0,"8":0,"9":0,"10":0,"11":0,"12":0,"13":0,"14":0,"15":0,"16":0,"17":0,"18":0,"19":0,"20":0,"21":0,"22":0,"23":0,"24":0,"25":0,"26":0,"27":0,"28":0,"29":0,"30":0,"31":0,"32":0},"b":{"0":[0,0],"1":[0,0],"2":[0,0],"3":[0,0],"4":[0,0],"5":[0,0],"6":[0,0],"7":[0,0],"8":[0,0]},"_coverageSchema":"1a1c01bbd47fc00a2c39e90264f33305004495a9","hash":"f824f8b814c8c00db44be76d361b0d96ef144edd"}
,"/Users/havenbrown/Desktop/CSC_510/Projects/Project2/frontend/src/application/Card.js": {"path":"/Users/havenbrown/Desktop/CSC_510/Projects/Project2/frontend/src/application/Card.js","statementMap":{"0":{"start":{"line":3,"column":13},"end":{"line":21,"column":1}},"1":{"start":{"line":25,"column":4},"end":{"line":25,"column":16}},"2":{"start":{"line":27,"column":4},"end":{"line":29,"column":5}},"3":{"start":{"line":33,"column":4},"end":{"line":33,"column":23}},"4":{"start":{"line":37,"column":21},"end":{"line":39,"column":6}},"5":{"start":{"line":38,"column":6},"end":{"line":38,"column":54}},"6":{"start":{"line":40,"column":4},"end":{"line":56,"column":5}}},"fnMap":{"0":{"name":"(anonymous_0)","decl":{"start":{"line":24,"column":2},"end":{"line":24,"column":3}},"loc":{"start":{"line":24,"column":22},"end":{"line":30,"column":3}},"line":24},"1":{"name":"(anonymous_1)","decl":{"start":{"line":32,"column":2},"end":{"line":32,"column":3}},"loc":{"start":{"line":32,"column":22},"end":{"line":34,"column":3}},"line":32},"2":{"name":"(anonymous_2)","decl":{"start":{"line":36,"column":2},"end":{"line":36,"column":3}},"loc":{"start":{"line":36,"column":12},"end":{"line":57,"column":3}},"line":36},"3":{"name":"(anonymous_3)","decl":{"start":{"line":37,"column":31},"end":{"line":37,"column":32}},"loc":{"start":{"line":37,"column":36},"end":{"line":39,"column":5}},"line":37}},"branchMap":{},"s":{"0":0,"1":0,"2":0,"3":0,"4":0,"5":0,"6":0},"f":{"0":0,"1":0,"2":0,"3":0},"b":{}}
,"/Users/havenbrown/Desktop/CSC_510/Projects/Project2/frontend/src/application/CardModal.js": {"path":"/Users/havenbrown/Desktop/CSC_510/Projects/Project2/frontend/src/application/CardModal.js","statementMap":{"0":{"start":{"line":5,"column":4},"end":{"line":5,"column":16}},"1":{"start":{"line":6,"column":4},"end":{"line":17,"column":5}},"2":{"start":{"line":23,"column":4},"end":{"line":23,"column":60}},"3":{"start":{"line":27,"column":4},"end":{"line":27,"column":23}},"4":{"start":{"line":28,"column":4},"end":{"line":28,"column":31}},"5":{"start":{"line":29,"column":24},"end":{"line":37,"column":5}},"6":{"start":{"line":38,"column":4},"end":{"line":40,"column":5}},"7":{"start":{"line":39,"column":6},"end":{"line":39,"column":59}},"8":{"start":{"line":41,"column":4},"end":{"line":41,"column":28}},"9":{"start":{"line":43,"column":4},"end":{"line":43,"column":38}},"10":{"start":{"line":47,"column":4},"end":{"line":47,"column":31}},"11":{"start":{"line":48,"column":24},"end":{"line":56,"column":5}},"12":{"start":{"line":57,"column":4},"end":{"line":57,"column":45}},"13":{"start":{"line":61,"column":23},"end":{"line":61,"column":27}},"14":{"start":{"line":62,"column":4},"end":{"line":74,"column":5}},"15":{"start":{"line":63,"column":6},"end":{"line":67,"column":7}},"16":{"start":{"line":69,"column":6},"end":{"line":73,"column":7}},"17":{"start":{"line":76,"column":17},"end":{"line":131,"column":9}},"18":{"start":{"line":132,"column":4},"end":{"line":132,"column":15}}},"fnMap":{"0":{"name":"(anonymous_0)","decl":{"start":{"line":4,"column":2},"end":{"line":4,"column":3}},"loc":{"start":{"line":4,"column":22},"end":{"line":18,"column":3}},"line":4},"1":{"name":"(anonymous_1)","decl":{"start":{"line":22,"column":2},"end":{"line":22,"column":3}},"loc":{"start":{"line":22,"column":23},"end":{"line":24,"column":3}},"line":22},"2":{"name":"(anonymous_2)","decl":{"start":{"line":26,"column":2},"end":{"line":26,"column":3}},"loc":{"start":{"line":26,"column":18},"end":{"line":44,"column":3}},"line":26},"3":{"name":"(anonymous_3)","decl":{"start":{"line":46,"column":2},"end":{"line":46,"column":3}},"loc":{"start":{"line":46,"column":18},"end":{"line":58,"column":3}},"line":46},"4":{"name":"(anonymous_4)","decl":{"start":{"line":60,"column":2},"end":{"line":60,"column":3}},"loc":{"start":{"line":60,"column":12},"end":{"line":133,"column":3}},"line":60}},"branchMap":{"0":{"loc":{"start":{"line":38,"column":4},"end":{"line":40,"column":5}},"type":"if","locations":[{"start":{"line":38,"column":4},"end":{"line":40,"column":5}},{"start":{},"end":{}}],"line":38},"1":{"loc":{"start":{"line":38,"column":8},"end":{"line":38,"column":70}},"type":"binary-expr","locations":[{"start":{"line":38,"column":8},"end":{"line":38,"column":27}},{"start":{"line":38,"column":31},"end":{"line":38,"column":70}}],"line":38},"2":{"loc":{"start":{"line":62,"column":4},"end":{"line":74,"column":5}},"type":"if","locations":[{"start":{"line":62,"column":4},"end":{"line":74,"column":5}},{"start":{"line":68,"column":11},"end":{"line":74,"column":5}}],"line":62},"3":{"loc":{"start":{"line":76,"column":17},"end":{"line":131,"column":9}},"type":"cond-expr","locations":[{"start":{"line":77,"column":8},"end":{"line":77,"column":15}},{"start":{"line":79,"column":8},"end":{"line":130,"column":14}}],"line":76}},"s":{"0":0,"1":0,"2":0,"3":0,"4":0,"5":0,"6":0,"7":0,"8":0,"9":0,"10":0,"11":0,"12":0,"13":0,"14":0,"15":0,"16":0,"17":0,"18":0},"f":{"0":0,"1":0,"2":0,"3":0,"4":0},"b":{"0":[0,0],"1":[0,0],"2":[0,0],"3":[0,0]}}
,"/Users/havenbrown/Desktop/CSC_510/Projects/Project2/frontend/src/careerroadmap/careerroadmap.js": {"path":"/Users/havenbrown/Desktop/CSC_510/Projects/Project2/frontend/src/careerroadmap/careerroadmap.js","statementMap":{"0":{"start":{"line":7,"column":0},"end":{"line":7,"column":121}},"1":{"start":{"line":11,"column":4},"end":{"line":11,"column":17}},"2":{"start":{"line":12,"column":4},"end":{"line":16,"column":6}},"3":{"start":{"line":19,"column":22},"end":{"line":22,"column":3}},"4":{"start":{"line":20,"column":28},"end":{"line":20,"column":40}},"5":{"start":{"line":21,"column":4},"end":{"line":21,"column":37}},"6":{"start":{"line":24,"column":20},"end":{"line":44,"column":3}},"7":{"start":{"line":25,"column":4},"end":{"line":43,"column":5}},"8":{"start":{"line":26,"column":23},"end":{"line":33,"column":8}},"9":{"start":{"line":35,"column":6},"end":{"line":35,"column":66}},"10":{"start":{"line":35,"column":24},"end":{"line":35,"column":66}},"11":{"start":{"line":37,"column":19},"end":{"line":37,"column":40}},"12":{"start":{"line":38,"column":6},"end":{"line":38,"column":65}},"13":{"start":{"line":40,"column":6},"end":{"line":40,"column":53}},"14":{"start":{"line":41,"column":6},"end":{"line":41,"column":82}},"15":{"start":{"line":42,"column":6},"end":{"line":42,"column":18}},"16":{"start":{"line":47,"column":23},"end":{"line":59,"column":3}},"17":{"start":{"line":48,"column":24},"end":{"line":48,"column":48}},"18":{"start":{"line":49,"column":16},"end":{"line":49,"column":73}},"19":{"start":{"line":51,"column":15},"end":{"line":51,"column":17}},"20":{"start":{"line":52,"column":4},"end":{"line":57,"column":5}},"21":{"start":{"line":52,"column":17},"end":{"line":52,"column":18}},"22":{"start":{"line":53,"column":19},"end":{"line":53,"column":39}},"23":{"start":{"line":54,"column":22},"end":{"line":54,"column":49}},"24":{"start":{"line":55,"column":23},"end":{"line":55,"column":68}},"25":{"start":{"line":55,"column":49},"end":{"line":55,"column":57}},"26":{"start":{"line":56,"column":6},"end":{"line":56,"column":30}},"27":{"start":{"line":58,"column":4},"end":{"line":58,"column":16}},"28":{"start":{"line":62,"column":26},"end":{"line":122,"column":3}},"29":{"start":{"line":68,"column":4},"end":{"line":68,"column":50}},"30":{"start":{"line":70,"column":4},"end":{"line":120,"column":5}},"31":{"start":{"line":73,"column":22},"end":{"line":73,"column":58}},"32":{"start":{"line":74,"column":20},"end":{"line":74,"column":51}},"33":{"start":{"line":75,"column":20},"end":{"line":75,"column":75}},"34":{"start":{"line":80,"column":25},"end":{"line":80,"column":53}},"35":{"start":{"line":81,"column":25},"end":{"line":81,"column":84}},"36":{"start":{"line":83,"column":6},"end":{"line":83,"column":30}},"37":{"start":{"line":86,"column":21},"end":{"line":104,"column":7}},"38":{"start":{"line":107,"column":21},"end":{"line":107,"column":56}},"39":{"start":{"line":108,"column":23},"end":{"line":108,"column":44}},"40":{"start":{"line":109,"column":19},"end":{"line":109,"column":34}},"41":{"start":{"line":111,"column":6},"end":{"line":111,"column":43}},"42":{"start":{"line":112,"column":6},"end":{"line":112,"column":45}},"43":{"start":{"line":115,"column":6},"end":{"line":115,"column":63}},"44":{"start":{"line":116,"column":6},"end":{"line":116,"column":87}},"45":{"start":{"line":119,"column":6},"end":{"line":119,"column":40}},"46":{"start":{"line":125,"column":4},"end":{"line":168,"column":6}}},"fnMap":{"0":{"name":"(anonymous_0)","decl":{"start":{"line":10,"column":2},"end":{"line":10,"column":3}},"loc":{"start":{"line":10,"column":21},"end":{"line":17,"column":3}},"line":10},"1":{"name":"(anonymous_1)","decl":{"start":{"line":19,"column":22},"end":{"line":19,"column":23}},"loc":{"start":{"line":19,"column":33},"end":{"line":22,"column":3}},"line":19},"2":{"name":"(anonymous_2)","decl":{"start":{"line":24,"column":20},"end":{"line":24,"column":21}},"loc":{"start":{"line":24,"column":32},"end":{"line":44,"column":3}},"line":24},"3":{"name":"(anonymous_3)","decl":{"start":{"line":47,"column":23},"end":{"line":47,"column":24}},"loc":{"start":{"line":47,"column":39},"end":{"line":59,"column":3}},"line":47},"4":{"name":"(anonymous_4)","decl":{"start":{"line":55,"column":41},"end":{"line":55,"column":42}},"loc":{"start":{"line":55,"column":49},"end":{"line":55,"column":57}},"line":55},"5":{"name":"(anonymous_5)","decl":{"start":{"line":62,"column":26},"end":{"line":62,"column":27}},"loc":{"start":{"line":62,"column":38},"end":{"line":122,"column":3}},"line":62},"6":{"name":"(anonymous_6)","decl":{"start":{"line":124,"column":2},"end":{"line":124,"column":3}},"loc":{"start":{"line":124,"column":11},"end":{"line":169,"column":3}},"line":124}},"branchMap":{"0":{"loc":{"start":{"line":35,"column":6},"end":{"line":35,"column":66}},"type":"if","locations":[{"start":{"line":35,"column":6},"end":{"line":35,"column":66}},{"start":{},"end":{}}],"line":35},"1":{"loc":{"start":{"line":81,"column":25},"end":{"line":81,"column":84}},"type":"cond-expr","locations":[{"start":{"line":81,"column":38},"end":{"line":81,"column":79}},{"start":{"line":81,"column":82},"end":{"line":81,"column":84}}],"line":81},"2":{"loc":{"start":{"line":133,"column":19},"end":{"line":135,"column":19}},"type":"binary-expr","locations":[{"start":{"line":133,"column":19},"end":{"line":133,"column":35}},{"start":{"line":134,"column":20},"end":{"line":134,"column":90}}],"line":133},"3":{"loc":{"start":{"line":141,"column":21},"end":{"line":148,"column":21}},"type":"cond-expr","locations":[{"start":{"line":142,"column":22},"end":{"line":145,"column":25}},{"start":{"line":147,"column":22},"end":{"line":147,"column":47}}],"line":141},"4":{"loc":{"start":{"line":154,"column":13},"end":{"line":164,"column":13}},"type":"binary-expr","locations":[{"start":{"line":154,"column":13},"end":{"line":154,"column":37}},{"start":{"line":155,"column":14},"end":{"line":163,"column":21}}],"line":154}},"s":{"0":1,"1":0,"2":0,"3":0,"4":0,"5":0,"6":0,"7":0,"8":0,"9":0,"10":0,"11":0,"12":0,"13":0,"14":0,"15":0,"16":0,"17":0,"18":0,"19":0,"20":0,"21":0,"22":0,"23":0,"24":0,"25":0,"26":0,"27":0,"28":0,"29":0,"30":0,"31":0,"32":0,"33":0,"34":0,"35":0,"36":0,"37":0,"38":0,"39":0,"40":0,"41":0,"42":0,"43":0,"44":0,"45":0,"46":0},"f":{"0":0,"1":0,"2":0,"3":0,"4":0,"5":0,"6":0},"b":{"0":[0,0],"1":[0,0],"2":[0,0],"3":[0,0],"4":[0,0]},"_coverageSchema":"1a1c01bbd47fc00a2c39e90264f33305004495a9","hash":"f9b1c78c18d1be4f9da480e7cf484df3373ef4e6"}
,"/Users/havenbrown/Desktop/CSC_510/Projects/Project2/frontend/src/coverletter/CoverLetterPage.js": {"path":"/Users/havenbrown/Desktop/CSC_510/Projects/Project2/frontend/src/coverletter/CoverLetterPage.js","statementMap":{"0":{"start":{"line":7,"column":0},"end":{"line":7,"column":121}},"1":{"start":{"line":11,"column":4},"end":{"line":11,"column":17}},"2":{"start":{"line":12,"column":4},"end":{"line":19,"column":6}},"3":{"start":{"line":22,"column":22},"end":{"line":25,"column":3}},"4":{"start":{"line":23,"column":28},"end":{"line":23,"column":40}},"5":{"start":{"line":24,"column":4},"end":{"line":24,"column":37}},"6":{"start":{"line":27,"column":20},"end":{"line":47,"column":3}},"7":{"start":{"line":28,"column":4},"end":{"line":46,"column":5}},"8":{"start":{"line":29,"column":23},"end":{"line":36,"column":8}},"9":{"start":{"line":38,"column":6},"end":{"line":38,"column":66}},"10":{"start":{"line":38,"column":24},"end":{"line":38,"column":66}},"11":{"start":{"line":40,"column":19},"end":{"line":40,"column":40}},"12":{"start":{"line":41,"column":6},"end":{"line":41,"column":65}},"13":{"start":{"line":43,"column":6},"end":{"line":43,"column":53}},"14":{"start":{"line":44,"column":6},"end":{"line":44,"column":82}},"15":{"start":{"line":45,"column":6},"end":{"line":45,"column":18}},"16":{"start":{"line":50,"column":23},"end":{"line":62,"column":3}},"17":{"start":{"line":51,"column":24},"end":{"line":51,"column":48}},"18":{"start":{"line":52,"column":16},"end":{"line":52,"column":73}},"19":{"start":{"line":54,"column":15},"end":{"line":54,"column":17}},"20":{"start":{"line":55,"column":4},"end":{"line":60,"column":5}},"21":{"start":{"line":55,"column":17},"end":{"line":55,"column":18}},"22":{"start":{"line":56,"column":19},"end":{"line":56,"column":39}},"23":{"start":{"line":57,"column":22},"end":{"line":57,"column":49}},"24":{"start":{"line":58,"column":23},"end":{"line":58,"column":68}},"25":{"start":{"line":58,"column":49},"end":{"line":58,"column":57}},"26":{"start":{"line":59,"column":6},"end":{"line":59,"column":30}},"27":{"start":{"line":61,"column":4},"end":{"line":61,"column":16}},"28":{"start":{"line":65,"column":24},"end":{"line":133,"column":3}},"29":{"start":{"line":66,"column":4},"end":{"line":69,"column":5}},"30":{"start":{"line":67,"column":6},"end":{"line":67,"column":72}},"31":{"start":{"line":68,"column":6},"end":{"line":68,"column":13}},"32":{"start":{"line":71,"column":4},"end":{"line":71,"column":50}},"33":{"start":{"line":73,"column":4},"end":{"line":131,"column":5}},"34":{"start":{"line":76,"column":22},"end":{"line":76,"column":58}},"35":{"start":{"line":77,"column":20},"end":{"line":77,"column":51}},"36":{"start":{"line":78,"column":20},"end":{"line":78,"column":75}},"37":{"start":{"line":81,"column":26},"end":{"line":81,"column":76}},"38":{"start":{"line":82,"column":24},"end":{"line":82,"column":72}},"39":{"start":{"line":82,"column":49},"end":{"line":82,"column":60}},"40":{"start":{"line":84,"column":6},"end":{"line":84,"column":53}},"41":{"start":{"line":87,"column":25},"end":{"line":87,"column":53}},"42":{"start":{"line":88,"column":25},"end":{"line":88,"column":84}},"43":{"start":{"line":90,"column":6},"end":{"line":90,"column":30}},"44":{"start":{"line":93,"column":21},"end":{"line":115,"column":7}},"45":{"start":{"line":118,"column":21},"end":{"line":118,"column":56}},"46":{"start":{"line":119,"column":23},"end":{"line":119,"column":44}},"47":{"start":{"line":120,"column":19},"end":{"line":120,"column":34}},"48":{"start":{"line":122,"column":6},"end":{"line":122,"column":43}},"49":{"start":{"line":123,"column":6},"end":{"line":123,"column":43}},"50":{"start":{"line":126,"column":6},"end":{"line":126,"column":61}},"51":{"start":{"line":127,"column":6},"end":{"line":127,"column":85}},"52":{"start":{"line":130,"column":6},"end":{"line":130,"column":40}},"53":{"start":{"line":136,"column":4},"end":{"line":210,"column":6}}},"fnMap":{"0":{"name":"(anonymous_0)","decl":{"start":{"line":10,"column":2},"end":{"line":10,"column":3}},"loc":{"start":{"line":10,"column":21},"end":{"line":20,"column":3}},"line":10},"1":{"name":"(anonymous_1)","decl":{"start":{"line":22,"column":22},"end":{"line":22,"column":23}},"loc":{"start":{"line":22,"column":33},"end":{"line":25,"column":3}},"line":22},"2":{"name":"(anonymous_2)","decl":{"start":{"line":27,"column":20},"end":{"line":27,"column":21}},"loc":{"start":{"line":27,"column":32},"end":{"line":47,"column":3}},"line":27},"3":{"name":"(anonymous_3)","decl":{"start":{"line":50,"column":23},"end":{"line":50,"column":24}},"loc":{"start":{"line":50,"column":39},"end":{"line":62,"column":3}},"line":50},"4":{"name":"(anonymous_4)","decl":{"start":{"line":58,"column":41},"end":{"line":58,"column":42}},"loc":{"start":{"line":58,"column":49},"end":{"line":58,"column":57}},"line":58},"5":{"name":"(anonymous_5)","decl":{"start":{"line":65,"column":24},"end":{"line":65,"column":25}},"loc":{"start":{"line":65,"column":36},"end":{"line":133,"column":3}},"line":65},"6":{"name":"(anonymous_6)","decl":{"start":{"line":82,"column":40},"end":{"line":82,"column":41}},"loc":{"start":{"line":82,"column":49},"end":{"line":82,"column":60}},"line":82},"7":{"name":"(anonymous_7)","decl":{"start":{"line":135,"column":2},"end":{"line":135,"column":3}},"loc":{"start":{"line":135,"column":11},"end":{"line":211,"column":3}},"line":135}},"branchMap":{"0":{"loc":{"start":{"line":38,"column":6},"end":{"line":38,"column":66}},"type":"if","locations":[{"start":{"line":38,"column":6},"end":{"line":38,"column":66}},{"start":{},"end":{}}],"line":38},"1":{"loc":{"start":{"line":66,"column":4},"end":{"line":69,"column":5}},"type":"if","locations":[{"start":{"line":66,"column":4},"end":{"line":69,"column":5}},{"start":{},"end":{}}],"line":66},"2":{"loc":{"start":{"line":66,"column":8},"end":{"line":66,"column":106}},"type":"binary-expr","locations":[{"start":{"line":66,"column":8},"end":{"line":66,"column":41}},{"start":{"line":66,"column":45},"end":{"line":66,"column":72}},{"start":{"line":66,"column":76},"end":{"line":66,"column":106}}],"line":66},"3":{"loc":{"start":{"line":81,"column":26},"end":{"line":81,"column":76}},"type":"binary-expr","locations":[{"start":{"line":81,"column":26},"end":{"line":81,"column":70}},{"start":{"line":81,"column":74},"end":{"line":81,"column":76}}],"line":81},"4":{"loc":{"start":{"line":88,"column":25},"end":{"line":88,"column":84}},"type":"cond-expr","locations":[{"start":{"line":88,"column":38},"end":{"line":88,"column":79}},{"start":{"line":88,"column":82},"end":{"line":88,"column":84}}],"line":88},"5":{"loc":{"start":{"line":175,"column":19},"end":{"line":177,"column":19}},"type":"binary-expr","locations":[{"start":{"line":175,"column":19},"end":{"line":175,"column":35}},{"start":{"line":176,"column":20},"end":{"line":176,"column":90}}],"line":175},"6":{"loc":{"start":{"line":183,"column":21},"end":{"line":190,"column":21}},"type":"cond-expr","locations":[{"start":{"line":184,"column":22},"end":{"line":187,"column":25}},{"start":{"line":189,"column":22},"end":{"line":189,"column":45}}],"line":183},"7":{"loc":{"start":{"line":196,"column":13},"end":{"line":206,"column":13}},"type":"binary-expr","locations":[{"start":{"line":196,"column":13},"end":{"line":196,"column":35}},{"start":{"line":197,"column":14},"end":{"line":205,"column":21}}],"line":196}},"s":{"0":1,"1":0,"2":0,"3":0,"4":0,"5":0,"6":0,"7":0,"8":0,"9":0,"10":0,"11":0,"12":0,"13":0,"14":0,"15":0,"16":0,"17":0,"18":0,"19":0,"20":0,"21":0,"22":0,"23":0,"24":0,"25":0,"26":0,"27":0,"28":0,"29":0,"30":0,"31":0,"32":0,"33":0,"34":0,"35":0,"36":0,"37":0,"38":0,"39":0,"40":0,"41":0,"42":0,"43":0,"44":0,"45":0,"46":0,"47":0,"48":0,"49":0,"50":0,"51":0,"52":0,"53":0},"f":{"0":0,"1":0,"2":0,"3":0,"4":0,"5":0,"6":0,"7":0},"b":{"0":[0,0],"1":[0,0],"2":[0,0,0],"3":[0,0],"4":[0,0],"5":[0,0],"6":[0,0],"7":[0,0]},"_coverageSchema":"1a1c01bbd47fc00a2c39e90264f33305004495a9","hash":"8da7252e830d06415011929befc2571b9a7e26f0"}
,"/Users/havenbrown/Desktop/CSC_510/Projects/Project2/frontend/src/data/Constants.js": {"path":"/Users/havenbrown/Desktop/CSC_510/Projects/Project2/frontend/src/data/Constants.js","statementMap":{"0":{"start":{"line":1,"column":16},"end":{"line":12,"column":1}},"1":{"start":{"line":14,"column":18},"end":{"line":212,"column":1}},"2":{"start":{"line":214,"column":15},"end":{"line":361,"column":1}},"3":{"start":{"line":363,"column":25},"end":{"line":374,"column":1}},"4":{"start":{"line":376,"column":18},"end":{"line":387,"column":1}},"5":{"start":{"line":390,"column":18},"end":{"line":390,"column":27}},"6":{"start":{"line":391,"column":1},"end":{"line":391,"column":19}},"7":{"start":{"line":392,"column":1},"end":{"line":392,"column":56}},"8":{"start":{"line":392,"column":31},"end":{"line":392,"column":53}},"9":{"start":{"line":395,"column":25},"end":{"line":401,"column":1}}},"fnMap":{"0":{"name":"toDropdownOptionsList","decl":{"start":{"line":389,"column":9},"end":{"line":389,"column":30}},"loc":{"start":{"line":389,"column":37},"end":{"line":393,"column":1}},"line":389},"1":{"name":"(anonymous_1)","decl":{"start":{"line":392,"column":23},"end":{"line":392,"column":24}},"loc":{"start":{"line":392,"column":31},"end":{"line":392,"column":53}},"line":392}},"branchMap":{},"s":{"0":1,"1":1,"2":1,"3":1,"4":1,"5":4,"6":4,"7":4,"8":363,"9":1},"f":{"0":4,"1":363},"b":{},"_coverageSchema":"1a1c01bbd47fc00a2c39e90264f33305004495a9","hash":"b60b3add809fba86b93f10ee811b044a1b6e77fc"}
,"/Users/havenbrown/Desktop/CSC_510/Projects/Project2/frontend/src/interviewprep/InterviewPrepPage.js": {"path":"/Users/havenbrown/Desktop/CSC_510/Projects/Project2/frontend/src/interviewprep/InterviewPrepPage.js","statementMap":{"0":{"start":{"line":8,"column":4},"end":{"line":8,"column":17}},"1":{"start":{"line":9,"column":4},"end":{"line":17,"column":6}},"2":{"start":{"line":20,"column":22},"end":{"line":22,"column":3}},"3":{"start":{"line":21,"column":4},"end":{"line":21,"column":58}},"4":{"start":{"line":24,"column":23},"end":{"line":31,"column":3}},"5":{"start":{"line":25,"column":4},"end":{"line":30,"column":8}},"6":{"start":{"line":25,"column":32},"end":{"line":30,"column":5}},"7":{"start":{"line":33,"column":26},"end":{"line":90,"column":3}},"8":{"start":{"line":34,"column":4},"end":{"line":37,"column":5}},"9":{"start":{"line":35,"column":6},"end":{"line":35,"column":72}},"10":{"start":{"line":36,"column":6},"end":{"line":36,"column":13}},"11":{"start":{"line":39,"column":4},"end":{"line":39,"column":50}},"12":{"start":{"line":41,"column":4},"end":{"line":89,"column":5}},"13":{"start":{"line":44,"column":22},"end":{"line":44,"column":58}},"14":{"start":{"line":45,"column":20},"end":{"line":45,"column":51}},"15":{"start":{"line":46,"column":20},"end":{"line":46,"column":75}},"16":{"start":{"line":49,"column":21},"end":{"line":58,"column":7}},"17":{"start":{"line":61,"column":21},"end":{"line":61,"column":56}},"18":{"start":{"line":62,"column":23},"end":{"line":62,"column":44}},"19":{"start":{"line":63,"column":19},"end":{"line":63,"column":34}},"20":{"start":{"line":67,"column":6},"end":{"line":76,"column":7}},"21":{"start":{"line":69,"column":28},"end":{"line":69,"column":67}},"22":{"start":{"line":70,"column":8},"end":{"line":70,"column":44}},"23":{"start":{"line":72,"column":8},"end":{"line":72,"column":70}},"24":{"start":{"line":74,"column":22},"end":{"line":74,"column":73}},"25":{"start":{"line":74,"column":54},"end":{"line":74,"column":72}},"26":{"start":{"line":75,"column":8},"end":{"line":75,"column":70}},"27":{"start":{"line":75,"column":39},"end":{"line":75,"column":67}},"28":{"start":{"line":78,"column":6},"end":{"line":81,"column":9}},"29":{"start":{"line":84,"column":6},"end":{"line":84,"column":70}},"30":{"start":{"line":85,"column":6},"end":{"line":88,"column":9}},"31":{"start":{"line":92,"column":24},"end":{"line":159,"column":3}},"32":{"start":{"line":93,"column":21},"end":{"line":93,"column":65}},"33":{"start":{"line":94,"column":19},"end":{"line":94,"column":52}},"34":{"start":{"line":96,"column":4},"end":{"line":98,"column":5}},"35":{"start":{"line":97,"column":6},"end":{"line":97,"column":13}},"36":{"start":{"line":101,"column":4},"end":{"line":106,"column":8}},"37":{"start":{"line":101,"column":32},"end":{"line":106,"column":5}},"38":{"start":{"line":108,"column":4},"end":{"line":158,"column":5}},"39":{"start":{"line":110,"column":22},"end":{"line":110,"column":58}},"40":{"start":{"line":111,"column":20},"end":{"line":111,"column":51}},"41":{"start":{"line":112,"column":20},"end":{"line":112,"column":75}},"42":{"start":{"line":115,"column":21},"end":{"line":127,"column":7}},"43":{"start":{"line":130,"column":21},"end":{"line":130,"column":56}},"44":{"start":{"line":131,"column":23},"end":{"line":131,"column":44}},"45":{"start":{"line":132,"column":27},"end":{"line":132,"column":42}},"46":{"start":{"line":135,"column":6},"end":{"line":144,"column":10}},"47":{"start":{"line":135,"column":34},"end":{"line":144,"column":7}},"48":{"start":{"line":147,"column":6},"end":{"line":147,"column":57}},"49":{"start":{"line":148,"column":6},"end":{"line":157,"column":10}},"50":{"start":{"line":148,"column":34},"end":{"line":157,"column":7}},"51":{"start":{"line":162,"column":103},"end":{"line":162,"column":113}},"52":{"start":{"line":164,"column":4},"end":{"line":286,"column":6}},"53":{"start":{"line":225,"column":22},"end":{"line":277,"column":27}},"54":{"start":{"line":240,"column":45},"end":{"line":240,"column":91}},"55":{"start":{"line":249,"column":41},"end":{"line":249,"column":72}}},"fnMap":{"0":{"name":"(anonymous_0)","decl":{"start":{"line":7,"column":2},"end":{"line":7,"column":3}},"loc":{"start":{"line":7,"column":21},"end":{"line":18,"column":3}},"line":7},"1":{"name":"(anonymous_1)","decl":{"start":{"line":20,"column":22},"end":{"line":20,"column":23}},"loc":{"start":{"line":20,"column":33},"end":{"line":22,"column":3}},"line":20},"2":{"name":"(anonymous_2)","decl":{"start":{"line":24,"column":23},"end":{"line":24,"column":24}},"loc":{"start":{"line":24,"column":41},"end":{"line":31,"column":3}},"line":24},"3":{"name":"(anonymous_3)","decl":{"start":{"line":25,"column":18},"end":{"line":25,"column":19}},"loc":{"start":{"line":25,"column":32},"end":{"line":30,"column":5}},"line":25},"4":{"name":"(anonymous_4)","decl":{"start":{"line":33,"column":26},"end":{"line":33,"column":27}},"loc":{"start":{"line":33,"column":38},"end":{"line":90,"column":3}},"line":33},"5":{"name":"(anonymous_5)","decl":{"start":{"line":74,"column":46},"end":{"line":74,"column":47}},"loc":{"start":{"line":74,"column":54},"end":{"line":74,"column":72}},"line":74},"6":{"name":"(anonymous_6)","decl":{"start":{"line":75,"column":30},"end":{"line":75,"column":31}},"loc":{"start":{"line":75,"column":39},"end":{"line":75,"column":67}},"line":75},"7":{"name":"(anonymous_7)","decl":{"start":{"line":92,"column":24},"end":{"line":92,"column":25}},"loc":{"start":{"line":92,"column":49},"end":{"line":159,"column":3}},"line":92},"8":{"name":"(anonymous_8)","decl":{"start":{"line":101,"column":18},"end":{"line":101,"column":19}},"loc":{"start":{"line":101,"column":32},"end":{"line":106,"column":5}},"line":101},"9":{"name":"(anonymous_9)","decl":{"start":{"line":135,"column":20},"end":{"line":135,"column":21}},"loc":{"start":{"line":135,"column":34},"end":{"line":144,"column":7}},"line":135},"10":{"name":"(anonymous_10)","decl":{"start":{"line":148,"column":20},"end":{"line":148,"column":21}},"loc":{"start":{"line":148,"column":34},"end":{"line":157,"column":7}},"line":148},"11":{"name":"(anonymous_11)","decl":{"start":{"line":161,"column":2},"end":{"line":161,"column":3}},"loc":{"start":{"line":161,"column":11},"end":{"line":287,"column":3}},"line":161},"12":{"name":"(anonymous_12)","decl":{"start":{"line":224,"column":44},"end":{"line":224,"column":45}},"loc":{"start":{"line":225,"column":22},"end":{"line":277,"column":27}},"line":225},"13":{"name":"(anonymous_13)","decl":{"start":{"line":240,"column":38},"end":{"line":240,"column":39}},"loc":{"start":{"line":240,"column":45},"end":{"line":240,"column":91}},"line":240},"14":{"name":"(anonymous_14)","decl":{"start":{"line":249,"column":35},"end":{"line":249,"column":36}},"loc":{"start":{"line":249,"column":41},"end":{"line":249,"column":72}},"line":249}},"branchMap":{"0":{"loc":{"start":{"line":34,"column":4},"end":{"line":37,"column":5}},"type":"if","locations":[{"start":{"line":34,"column":4},"end":{"line":37,"column":5}},{"start":{},"end":{}}],"line":34},"1":{"loc":{"start":{"line":79,"column":28},"end":{"line":79,"column":43}},"type":"binary-expr","locations":[{"start":{"line":79,"column":28},"end":{"line":79,"column":37}},{"start":{"line":79,"column":41},"end":{"line":79,"column":43}}],"line":79},"2":{"loc":{"start":{"line":96,"column":4},"end":{"line":98,"column":5}},"type":"if","locations":[{"start":{"line":96,"column":4},"end":{"line":98,"column":5}},{"start":{},"end":{}}],"line":96},"3":{"loc":{"start":{"line":96,"column":8},"end":{"line":96,"column":33}},"type":"binary-expr","locations":[{"start":{"line":96,"column":8},"end":{"line":96,"column":15}},{"start":{"line":96,"column":19},"end":{"line":96,"column":33}}],"line":96},"4":{"loc":{"start":{"line":122,"column":38},"end":{"line":122,"column":83}},"type":"binary-expr","locations":[{"start":{"line":122,"column":38},"end":{"line":122,"column":51}},{"start":{"line":122,"column":55},"end":{"line":122,"column":83}}],"line":122},"5":{"loc":{"start":{"line":185,"column":19},"end":{"line":187,"column":19}},"type":"binary-expr","locations":[{"start":{"line":185,"column":19},"end":{"line":185,"column":24}},{"start":{"line":186,"column":20},"end":{"line":186,"column":67}}],"line":185},"6":{"loc":{"start":{"line":195,"column":21},"end":{"line":209,"column":21}},"type":"cond-expr","locations":[{"start":{"line":196,"column":22},"end":{"line":206,"column":25}},{"start":{"line":208,"column":22},"end":{"line":208,"column":52}}],"line":195},"7":{"loc":{"start":{"line":217,"column":9},"end":{"line":284,"column":9}},"type":"binary-expr","locations":[{"start":{"line":217,"column":9},"end":{"line":217,"column":38}},{"start":{"line":218,"column":10},"end":{"line":283,"column":16}}],"line":217},"8":{"loc":{"start":{"line":228,"column":25},"end":{"line":232,"column":25}},"type":"binary-expr","locations":[{"start":{"line":228,"column":25},"end":{"line":228,"column":38}},{"start":{"line":229,"column":26},"end":{"line":231,"column":32}}],"line":228},"9":{"loc":{"start":{"line":239,"column":35},"end":{"line":239,"column":55}},"type":"binary-expr","locations":[{"start":{"line":239,"column":35},"end":{"line":239,"column":49}},{"start":{"line":239,"column":53},"end":{"line":239,"column":55}}],"line":239},"10":{"loc":{"start":{"line":250,"column":36},"end":{"line":250,"column":77}},"type":"binary-expr","locations":[{"start":{"line":250,"column":36},"end":{"line":250,"column":58}},{"start":{"line":250,"column":62},"end":{"line":250,"column":77}}],"line":250},"11":{"loc":{"start":{"line":252,"column":27},"end":{"line":266,"column":27}},"type":"cond-expr","locations":[{"start":{"line":253,"column":28},"end":{"line":263,"column":31}},{"start":{"line":265,"column":28},"end":{"line":265,"column":42}}],"line":252},"12":{"loc":{"start":{"line":269,"column":25},"end":{"line":276,"column":25}},"type":"binary-expr","locations":[{"start":{"line":269,"column":25},"end":{"line":269,"column":40}},{"start":{"line":270,"column":26},"end":{"line":275,"column":33}}],"line":269}},"s":{"0":19,"1":19,"2":19,"3":18,"4":19,"5":6,"6":6,"7":19,"8":18,"9":1,"10":1,"11":17,"12":17,"13":17,"14":17,"15":17,"16":17,"17":17,"18":15,"19":15,"20":15,"21":15,"22":15,"23":1,"24":1,"25":1,"26":1,"27":0,"28":15,"29":1,"30":1,"31":19,"32":4,"33":4,"34":4,"35":0,"36":4,"37":4,"38":4,"39":4,"40":4,"41":4,"42":4,"43":4,"44":2,"45":2,"46":2,"47":2,"48":1,"49":1,"50":1,"51":84,"52":84,"53":32,"54":6,"55":4},"f":{"0":19,"1":18,"2":6,"3":6,"4":18,"5":1,"6":0,"7":4,"8":4,"9":2,"10":1,"11":84,"12":32,"13":6,"14":4},"b":{"0":[1,17],"1":[15,0],"2":[0,4],"3":[4,4],"4":[4,0],"5":[84,2],"6":[17,67],"7":[84,29],"8":[32,31],"9":[32,19],"10":[32,28],"11":[4,28],"12":[32,3]},"_coverageSchema":"1a1c01bbd47fc00a2c39e90264f33305004495a9","hash":"3866f75acece0dcf8e70c8f160819e8a898553bb"}
,"/Users/havenbrown/Desktop/CSC_510/Projects/Project2/frontend/src/login/LoginPage.js": {"path":"/Users/havenbrown/Desktop/CSC_510/Projects/Project2/frontend/src/login/LoginPage.js","statementMap":{"0":{"start":{"line":7,"column":2},"end":{"line":7,"column":15}},"1":{"start":{"line":9,"column":2},"end":{"line":9,"column":18}},"2":{"start":{"line":12,"column":15},"end":{"line":38,"column":2}},"3":{"start":{"line":13,"column":2},"end":{"line":13,"column":29}},"4":{"start":{"line":14,"column":12},"end":{"line":14,"column":46}},"5":{"start":{"line":16,"column":2},"end":{"line":37,"column":6}},"6":{"start":{"line":18,"column":4},"end":{"line":18,"column":44}},"7":{"start":{"line":20,"column":4},"end":{"line":22,"column":5}},"8":{"start":{"line":21,"column":5},"end":{"line":21,"column":51}},"9":{"start":{"line":25,"column":4},"end":{"line":29,"column":5}},"10":{"start":{"line":26,"column":5},"end":{"line":26,"column":65}},"11":{"start":{"line":27,"column":5},"end":{"line":27,"column":46}},"12":{"start":{"line":28,"column":5},"end":{"line":28,"column":12}},"13":{"start":{"line":31,"column":4},"end":{"line":31,"column":51}},"14":{"start":{"line":32,"column":4},"end":{"line":32,"column":33}},"15":{"start":{"line":35,"column":4},"end":{"line":35,"column":41}},"16":{"start":{"line":36,"column":4},"end":{"line":36,"column":64}},"17":{"start":{"line":41,"column":16},"end":{"line":56,"column":2}},"18":{"start":{"line":42,"column":2},"end":{"line":42,"column":30}},"19":{"start":{"line":43,"column":12},"end":{"line":47,"column":3}},"20":{"start":{"line":49,"column":2},"end":{"line":55,"column":6}},"21":{"start":{"line":51,"column":4},"end":{"line":51,"column":51}},"22":{"start":{"line":54,"column":4},"end":{"line":54,"column":38}},"23":{"start":{"line":58,"column":22},"end":{"line":60,"column":2}},"24":{"start":{"line":59,"column":2},"end":{"line":59,"column":58}},"25":{"start":{"line":63,"column":2},"end":{"line":77,"column":3}},"26":{"start":{"line":64,"column":17},"end":{"line":64,"column":60}},"27":{"start":{"line":65,"column":17},"end":{"line":65,"column":35}},"28":{"start":{"line":66,"column":18},"end":{"line":66,"column":37}},"29":{"start":{"line":67,"column":18},"end":{"line":67,"column":37}},"30":{"start":{"line":68,"column":13},"end":{"line":72,"column":4}},"31":{"start":{"line":73,"column":3},"end":{"line":76,"column":4}},"32":{"start":{"line":74,"column":4},"end":{"line":74,"column":20}},"33":{"start":{"line":75,"column":4},"end":{"line":75,"column":80}},"34":{"start":{"line":81,"column":2},"end":{"line":196,"column":4}},"35":{"start":{"line":116,"column":11},"end":{"line":116,"column":30}},"36":{"start":{"line":117,"column":23},"end":{"line":117,"column":61}},"37":{"start":{"line":118,"column":21},"end":{"line":118,"column":57}},"38":{"start":{"line":119,"column":11},"end":{"line":119,"column":40}},"39":{"start":{"line":129,"column":11},"end":{"line":129,"column":37}},"40":{"start":{"line":171,"column":11},"end":{"line":171,"column":30}},"41":{"start":{"line":172,"column":22},"end":{"line":172,"column":63}},"42":{"start":{"line":173,"column":23},"end":{"line":173,"column":62}},"43":{"start":{"line":174,"column":21},"end":{"line":174,"column":58}},"44":{"start":{"line":175,"column":11},"end":{"line":175,"column":47}},"45":{"start":{"line":184,"column":11},"end":{"line":184,"column":37}},"46":{"start":{"line":199,"column":12},"end":{"line":201,"column":2}},"47":{"start":{"line":203,"column":15},"end":{"line":209,"column":2}},"48":{"start":{"line":211,"column":13},"end":{"line":219,"column":2}}},"fnMap":{"0":{"name":"(anonymous_0)","decl":{"start":{"line":6,"column":1},"end":{"line":6,"column":2}},"loc":{"start":{"line":6,"column":20},"end":{"line":10,"column":2}},"line":6},"1":{"name":"(anonymous_1)","decl":{"start":{"line":12,"column":15},"end":{"line":12,"column":16}},"loc":{"start":{"line":12,"column":31},"end":{"line":38,"column":2}},"line":12},"2":{"name":"(anonymous_2)","decl":{"start":{"line":17,"column":9},"end":{"line":17,"column":10}},"loc":{"start":{"line":17,"column":18},"end":{"line":33,"column":4}},"line":17},"3":{"name":"(anonymous_3)","decl":{"start":{"line":34,"column":10},"end":{"line":34,"column":11}},"loc":{"start":{"line":34,"column":21},"end":{"line":37,"column":4}},"line":34},"4":{"name":"(anonymous_4)","decl":{"start":{"line":41,"column":16},"end":{"line":41,"column":17}},"loc":{"start":{"line":41,"column":42},"end":{"line":56,"column":2}},"line":41},"5":{"name":"(anonymous_5)","decl":{"start":{"line":50,"column":9},"end":{"line":50,"column":10}},"loc":{"start":{"line":50,"column":18},"end":{"line":52,"column":4}},"line":50},"6":{"name":"(anonymous_6)","decl":{"start":{"line":53,"column":10},"end":{"line":53,"column":11}},"loc":{"start":{"line":53,"column":21},"end":{"line":55,"column":4}},"line":53},"7":{"name":"(anonymous_7)","decl":{"start":{"line":58,"column":22},"end":{"line":58,"column":23}},"loc":{"start":{"line":58,"column":28},"end":{"line":60,"column":2}},"line":58},"8":{"name":"(anonymous_8)","decl":{"start":{"line":62,"column":1},"end":{"line":62,"column":2}},"loc":{"start":{"line":62,"column":21},"end":{"line":78,"column":2}},"line":62},"9":{"name":"(anonymous_9)","decl":{"start":{"line":80,"column":1},"end":{"line":80,"column":2}},"loc":{"start":{"line":80,"column":10},"end":{"line":197,"column":2}},"line":80},"10":{"name":"(anonymous_10)","decl":{"start":{"line":115,"column":19},"end":{"line":115,"column":20}},"loc":{"start":{"line":115,"column":26},"end":{"line":120,"column":11}},"line":115},"11":{"name":"(anonymous_11)","decl":{"start":{"line":128,"column":19},"end":{"line":128,"column":20}},"loc":{"start":{"line":128,"column":25},"end":{"line":130,"column":11}},"line":128},"12":{"name":"(anonymous_12)","decl":{"start":{"line":170,"column":19},"end":{"line":170,"column":20}},"loc":{"start":{"line":170,"column":26},"end":{"line":176,"column":11}},"line":170},"13":{"name":"(anonymous_13)","decl":{"start":{"line":183,"column":19},"end":{"line":183,"column":20}},"loc":{"start":{"line":183,"column":25},"end":{"line":185,"column":11}},"line":183}},"branchMap":{"0":{"loc":{"start":{"line":20,"column":4},"end":{"line":22,"column":5}},"type":"if","locations":[{"start":{"line":20,"column":4},"end":{"line":22,"column":5}},{"start":{},"end":{}}],"line":20},"1":{"loc":{"start":{"line":20,"column":8},"end":{"line":20,"column":25}},"type":"binary-expr","locations":[{"start":{"line":20,"column":8},"end":{"line":20,"column":12}},{"start":{"line":20,"column":16},"end":{"line":20,"column":25}}],"line":20},"2":{"loc":{"start":{"line":25,"column":4},"end":{"line":29,"column":5}},"type":"if","locations":[{"start":{"line":25,"column":4},"end":{"line":29,"column":5}},{"start":{},"end":{}}],"line":25},"3":{"loc":{"start":{"line":63,"column":2},"end":{"line":77,"column":3}},"type":"if","locations":[{"start":{"line":63,"column":2},"end":{"line":77,"column":3}},{"start":{},"end":{}}],"line":63},"4":{"loc":{"start":{"line":73,"column":3},"end":{"line":76,"column":4}},"type":"if","locations":[{"start":{"line":73,"column":3},"end":{"line":76,"column":4}},{"start":{},"end":{}}],"line":73}},"s":{"0":1,"1":1,"2":1,"3":0,"4":0,"5":0,"6":0,"7":0,"8":0,"9":0,"10":0,"11":0,"12":0,"13":0,"14":0,"15":0,"16":0,"17":1,"18":0,"19":0,"20":0,"21":0,"22":0,"23":1,"24":0,"25":1,"26":1,"27":1,"28":1,"29":1,"30":1,"31":1,"32":0,"33":0,"34":1,"35":0,"36":0,"37":0,"38":0,"39":0,"40":0,"41":0,"42":0,"43":0,"44":0,"45":0,"46":1,"47":1,"48":1},"f":{"0":1,"1":0,"2":0,"3":0,"4":0,"5":0,"6":0,"7":0,"8":1,"9":1,"10":0,"11":0,"12":0,"13":0},"b":{"0":[0,0],"1":[0,0],"2":[0,0],"3":[1,0],"4":[0,1]},"_coverageSchema":"1a1c01bbd47fc00a2c39e90264f33305004495a9","hash":"aa23dd13c46e09a78b261a54bb634455ef034fd7"}
,"/Users/havenbrown/Desktop/CSC_510/Projects/Project2/frontend/src/matches/MatchesPage.js": {"path":"/Users/havenbrown/Desktop/CSC_510/Projects/Project2/frontend/src/matches/MatchesPage.js","statementMap":{"0":{"start":{"line":5,"column":24},"end":{"line":212,"column":1}},"1":{"start":{"line":6,"column":50},"end":{"line":6,"column":62}},"2":{"start":{"line":7,"column":48},"end":{"line":7,"column":62}},"3":{"start":{"line":8,"column":40},"end":{"line":8,"column":54}},"4":{"start":{"line":9,"column":36},"end":{"line":11,"column":5}},"5":{"start":{"line":13,"column":4},"end":{"line":15,"column":11}},"6":{"start":{"line":14,"column":8},"end":{"line":14,"column":31}},"7":{"start":{"line":17,"column":33},"end":{"line":56,"column":5}},"8":{"start":{"line":18,"column":8},"end":{"line":55,"column":9}},"9":{"start":{"line":19,"column":12},"end":{"line":19,"column":36}},"10":{"start":{"line":20,"column":12},"end":{"line":20,"column":32}},"11":{"start":{"line":22,"column":12},"end":{"line":22,"column":55}},"12":{"start":{"line":23,"column":26},"end":{"line":23,"column":55}},"13":{"start":{"line":24,"column":12},"end":{"line":24,"column":47}},"14":{"start":{"line":26,"column":29},"end":{"line":32,"column":14}},"15":{"start":{"line":34,"column":25},"end":{"line":34,"column":46}},"16":{"start":{"line":35,"column":12},"end":{"line":35,"column":52}},"17":{"start":{"line":37,"column":12},"end":{"line":39,"column":13}},"18":{"start":{"line":38,"column":16},"end":{"line":38,"column":81}},"19":{"start":{"line":41,"column":12},"end":{"line":49,"column":13}},"20":{"start":{"line":42,"column":16},"end":{"line":42,"column":51}},"21":{"start":{"line":43,"column":16},"end":{"line":43,"column":41}},"22":{"start":{"line":44,"column":19},"end":{"line":49,"column":13}},"23":{"start":{"line":45,"column":16},"end":{"line":45,"column":60}},"24":{"start":{"line":46,"column":16},"end":{"line":46,"column":44}},"25":{"start":{"line":48,"column":16},"end":{"line":48,"column":59}},"26":{"start":{"line":51,"column":12},"end":{"line":51,"column":68}},"27":{"start":{"line":52,"column":12},"end":{"line":52,"column":41}},"28":{"start":{"line":54,"column":12},"end":{"line":54,"column":37}},"29":{"start":{"line":59,"column":4},"end":{"line":63,"column":54}},"30":{"start":{"line":60,"column":8},"end":{"line":60,"column":65}},"31":{"start":{"line":61,"column":8},"end":{"line":61,"column":55}},"32":{"start":{"line":62,"column":8},"end":{"line":62,"column":63}},"33":{"start":{"line":65,"column":4},"end":{"line":211,"column":6}},"34":{"start":{"line":141,"column":28},"end":{"line":182,"column":33}},"35":{"start":{"line":169,"column":64},"end":{"line":169,"column":79}},"36":{"start":{"line":170,"column":44},"end":{"line":170,"column":82}},"37":{"start":{"line":171,"column":44},"end":{"line":171,"column":69}},"38":{"start":{"line":172,"column":44},"end":{"line":172,"column":106}}},"fnMap":{"0":{"name":"(anonymous_0)","decl":{"start":{"line":5,"column":24},"end":{"line":5,"column":25}},"loc":{"start":{"line":5,"column":30},"end":{"line":212,"column":1}},"line":5},"1":{"name":"(anonymous_1)","decl":{"start":{"line":13,"column":14},"end":{"line":13,"column":15}},"loc":{"start":{"line":13,"column":20},"end":{"line":15,"column":5}},"line":13},"2":{"name":"(anonymous_2)","decl":{"start":{"line":17,"column":33},"end":{"line":17,"column":34}},"loc":{"start":{"line":17,"column":45},"end":{"line":56,"column":5}},"line":17},"3":{"name":"(anonymous_3)","decl":{"start":{"line":59,"column":14},"end":{"line":59,"column":15}},"loc":{"start":{"line":59,"column":20},"end":{"line":63,"column":5}},"line":59},"4":{"name":"(anonymous_4)","decl":{"start":{"line":140,"column":44},"end":{"line":140,"column":45}},"loc":{"start":{"line":141,"column":28},"end":{"line":182,"column":33}},"line":141},"5":{"name":"(anonymous_5)","decl":{"start":{"line":168,"column":49},"end":{"line":168,"column":50}},"loc":{"start":{"line":168,"column":55},"end":{"line":173,"column":41}},"line":168}},"branchMap":{"0":{"loc":{"start":{"line":10,"column":8},"end":{"line":10,"column":92}},"type":"cond-expr","locations":[{"start":{"line":10,"column":43},"end":{"line":10,"column":87}},{"start":{"line":10,"column":90},"end":{"line":10,"column":92}}],"line":10},"1":{"loc":{"start":{"line":37,"column":12},"end":{"line":39,"column":13}},"type":"if","locations":[{"start":{"line":37,"column":12},"end":{"line":39,"column":13}},{"start":{},"end":{}}],"line":37},"2":{"loc":{"start":{"line":38,"column":32},"end":{"line":38,"column":79}},"type":"binary-expr","locations":[{"start":{"line":38,"column":32},"end":{"line":38,"column":42}},{"start":{"line":38,"column":46},"end":{"line":38,"column":79}}],"line":38},"3":{"loc":{"start":{"line":41,"column":12},"end":{"line":49,"column":13}},"type":"if","locations":[{"start":{"line":41,"column":12},"end":{"line":49,"column":13}},{"start":{"line":44,"column":19},"end":{"line":49,"column":13}}],"line":41},"4":{"loc":{"start":{"line":44,"column":19},"end":{"line":49,"column":13}},"type":"if","locations":[{"start":{"line":44,"column":19},"end":{"line":49,"column":13}},{"start":{"line":47,"column":19},"end":{"line":49,"column":13}}],"line":44},"5":{"loc":{"start":{"line":137,"column":21},"end":{"line":183,"column":26}},"type":"binary-expr","locations":[{"start":{"line":137,"column":21},"end":{"line":137,"column":36}},{"start":{"line":138,"column":24},"end":{"line":138,"column":35}},{"start":{"line":139,"column":24},"end":{"line":139,"column":39}},{"start":{"line":140,"column":24},"end":{"line":183,"column":26}}],"line":137},"6":{"loc":{"start":{"line":176,"column":53},"end":{"line":176,"column":96}},"type":"cond-expr","locations":[{"start":{"line":176,"column":71},"end":{"line":176,"column":81}},{"start":{"line":176,"column":84},"end":{"line":176,"column":96}}],"line":176},"7":{"loc":{"start":{"line":184,"column":21},"end":{"line":191,"column":21}},"type":"binary-expr","locations":[{"start":{"line":184,"column":21},"end":{"line":184,"column":35}},{"start":{"line":185,"column":24},"end":{"line":190,"column":29}}],"line":184},"8":{"loc":{"start":{"line":192,"column":21},"end":{"line":198,"column":21}},"type":"binary-expr","locations":[{"start":{"line":192,"column":21},"end":{"line":192,"column":36}},{"start":{"line":192,"column":40},"end":{"line":192,"column":50}},{"start":{"line":193,"column":24},"end":{"line":197,"column":29}}],"line":192},"9":{"loc":{"start":{"line":199,"column":21},"end":{"line":207,"column":25}},"type":"binary-expr","locations":[{"start":{"line":199,"column":21},"end":{"line":199,"column":36}},{"start":{"line":200,"column":24},"end":{"line":200,"column":35}},{"start":{"line":201,"column":25},"end":{"line":201,"column":41}},{"start":{"line":201,"column":45},"end":{"line":201,"column":73}},{"start":{"line":202,"column":28},"end":{"line":206,"column":33}}],"line":199}},"s":{"0":1,"1":0,"2":0,"3":0,"4":0,"5":0,"6":0,"7":0,"8":0,"9":0,"10":0,"11":0,"12":0,"13":0,"14":0,"15":0,"16":0,"17":0,"18":0,"19":0,"20":0,"21":0,"22":0,"23":0,"24":0,"25":0,"26":0,"27":0,"28":0,"29":0,"30":0,"31":0,"32":0,"33":0,"34":0,"35":0,"36":0,"37":0,"38":0},"f":{"0":0,"1":0,"2":0,"3":0,"4":0,"5":0},"b":{"0":[0,0],"1":[0,0],"2":[0,0],"3":[0,0],"4":[0,0],"5":[0,0,0,0],"6":[0,0],"7":[0,0],"8":[0,0,0],"9":[0,0,0,0,0]},"_c
[...]
,"/Users/havenbrown/Desktop/CSC_510/Projects/Project2/frontend/src/search/SearchCard.js": {"path":"/Users/havenbrown/Desktop/CSC_510/Projects/Project2/frontend/src/search/SearchCard.js","statementMap":{"0":{"start":{"line":6,"column":4},"end":{"line":6,"column":16}},"1":{"start":{"line":7,"column":4},"end":{"line":7,"column":24}},"2":{"start":{"line":8,"column":4},"end":{"line":8,"column":34}},"3":{"start":{"line":9,"column":4},"end":{"line":20,"column":5}},"4":{"start":{"line":21,"column":4},"end":{"line":21,"column":27}},"5":{"start":{"line":27,"column":4},"end":{"line":27,"column":60}},"6":{"start":{"line":31,"column":4},"end":{"line":31,"column":24}},"7":{"start":{"line":32,"column":4},"end":{"line":32,"column":37}},"8":{"start":{"line":33,"column":24},"end":{"line":41,"column":5}},"9":{"start":{"line":42,"column":4},"end":{"line":44,"column":5}},"10":{"start":{"line":43,"column":6},"end":{"line":43,"column":59}},"11":{"start":{"line":45,"column":4},"end":{"line":45,"column":28}},"12":{"start":{"line":47,"column":4},"end":{"line":47,"column":38}},"13":{"start":{"line":52,"column":6},"end":{"line":54,"column":15}},"14":{"start":{"line":56,"column":4},"end":{"line":58,"column":5}},"15":{"start":{"line":57,"column":6},"end":{"line":57,"column":20}},"16":{"start":{"line":60,"column":4},"end":{"line":128,"column":5}}},"fnMap":{"0":{"name":"(anonymous_0)","decl":{"start":{"line":5,"column":2},"end":{"line":5,"column":3}},"loc":{"start":{"line":5,"column":22},"end":{"line":22,"column":3}},"line":5},"1":{"name":"(anonymous_1)","decl":{"start":{"line":26,"column":2},"end":{"line":26,"column":3}},"loc":{"start":{"line":26,"column":23},"end":{"line":28,"column":3}},"line":26},"2":{"name":"(anonymous_2)","decl":{"start":{"line":30,"column":2},"end":{"line":30,"column":3}},"loc":{"start":{"line":30,"column":18},"end":{"line":48,"column":3}},"line":30},"3":{"name":"(anonymous_3)","decl":{"start":{"line":50,"column":2},"end":{"line":50,"column":3}},"loc":{"start":{"line":50,"column":12},"end":{"line":129,"column":3}},"line":50}},"branchMap":{"0":{"loc":{"start":{"line":42,"column":4},"end":{"line":44,"column":5}},"type":"if","locations":[{"start":{"line":42,"column":4},"end":{"line":44,"column":5}},{"start":{},"end":{}}],"line":42},"1":{"loc":{"start":{"line":42,"column":8},"end":{"line":42,"column":70}},"type":"binary-expr","locations":[{"start":{"line":42,"column":8},"end":{"line":42,"column":27}},{"start":{"line":42,"column":31},"end":{"line":42,"column":70}}],"line":42},"2":{"loc":{"start":{"line":56,"column":4},"end":{"line":58,"column":5}},"type":"if","locations":[{"start":{"line":56,"column":4},"end":{"line":58,"column":5}},{"start":{},"end":{}}],"line":56}},"s":{"0":0,"1":0,"2":0,"3":0,"4":0,"5":0,"6":0,"7":0,"8":0,"9":0,"10":0,"11":0,"12":0,"13":0,"14":0,"15":0,"16":0},"f":{"0":0,"1":0,"2":0,"3":0},"b":{"0":[0,0],"1":[0,0],"2":[0,0]}}
,"/Users/havenbrown/Desktop/CSC_510/Projects/Project2/frontend/src/search/SearchPage.js": {"path":"/Users/havenbrown/Desktop/CSC_510/Projects/Project2/frontend/src/search/SearchPage.js","statementMap":{"0":{"start":{"line":7,"column":12},"end":{"line":16,"column":5}},"1":{"start":{"line":19,"column":8},"end":{"line":19,"column":29}},"2":{"start":{"line":21,"column":30},"end":{"line":21,"column":66}},"3":{"start":{"line":22,"column":8},"end":{"line":24,"column":9}},"4":{"start":{"line":23,"column":12},"end":{"line":23,"column":71}},"5":{"start":{"line":27,"column":18},"end":{"line":57,"column":5}},"6":{"start":{"line":28,"column":8},"end":{"line":56,"column":9}},"7":{"start":{"line":29,"column":29},"end":{"line":40,"column":14}},"8":{"start":{"line":42,"column":29},"end":{"line":42,"column":43}},"9":{"start":{"line":43,"column":12},"end":{"line":43,"column":48}},"10":{"start":{"line":45,"column":34},"end":{"line":50,"column":14}},"11":{"start":{"line":52,"column":12},"end":{"line":52,"column":38}},"12":{"start":{"line":54,"column":12},"end":{"line":54,"column":67}},"13":{"start":{"line":55,"column":12},"end":{"line":55,"column":24}},"14":{"start":{"line":59,"column":19},"end":{"line":141,"column":5}},"15":{"start":{"line":60,"column":8},"end":{"line":60,"column":43}},"16":{"start":{"line":60,"column":36},"end":{"line":60,"column":43}},"17":{"start":{"line":61,"column":8},"end":{"line":61,"column":54}},"18":{"start":{"line":63,"column":8},"end":{"line":140,"column":9}},"19":{"start":{"line":64,"column":54},"end":{"line":73,"column":14}},"20":{"start":{"line":75,"column":12},"end":{"line":133,"column":13}},"21":{"start":{"line":76,"column":43},"end":{"line":84,"column":18}},"22":{"start":{"line":86,"column":36},"end":{"line":92,"column":17}},"23":{"start":{"line":95,"column":16},"end":{"line":115,"column":17}},"24":{"start":{"line":96,"column":37},"end":{"line":105,"column":22}},"25":{"start":{"line":107,"column":20},"end":{"line":109,"column":21}},"26":{"start":{"line":108,"column":24},"end":{"line":108,"column":67}},"27":{"start":{"line":112,"column":20},"end":{"line":112,"column":41}},"28":{"start":{"line":114,"column":20},"end":{"line":114,"column":67}},"29":{"start":{"line":117,"column":40},"end":{"line":117,"column":81}},"30":{"start":{"line":118,"column":16},"end":{"line":118,"column":86}},"31":{"start":{"line":119,"column":16},"end":{"line":126,"column":19}},"32":{"start":{"line":128,"column":16},"end":{"line":132,"column":19}},"33":{"start":{"line":135,"column":12},"end":{"line":135,"column":50}},"34":{"start":{"line":136,"column":12},"end":{"line":139,"column":15}},"35":{"start":{"line":143,"column":27},"end":{"line":149,"column":5}},"36":{"start":{"line":144,"column":8},"end":{"line":148,"column":11}},"37":{"start":{"line":151,"column":20},"end":{"line":170,"column":5}},"38":{"start":{"line":152,"column":8},"end":{"line":169,"column":9}},"39":{"start":{"line":153,"column":29},"end":{"line":159,"column":14}},"40":{"start":{"line":161,"column":12},"end":{"line":163,"column":13}},"41":{"start":{"line":162,"column":16},"end":{"line":162,"column":60}},"42":{"start":{"line":165,"column":25},"end":{"line":165,"column":46}},"43":{"start":{"line":166,"column":12},"end":{"line":166,"column":50}},"44":{"start":{"line":168,"column":12},"end":{"line":168,"column":61}},"45":{"start":{"line":173,"column":31},"end":{"line":173,"column":41}},"46":{"start":{"line":174,"column":8},"end":{"line":174,"column":37}},"47":{"start":{"line":174,"column":25},"end":{"line":174,"column":37}},"48":{"start":{"line":176,"column":8},"end":{"line":235,"column":10}},"49":{"start":{"line":204,"column":40},"end":{"line":206,"column":45}},"50":{"start":{"line":214,"column":40},"end":{"line":216,"column":45}},"51":{"start":{"line":226,"column":36},"end":{"line":228,"column":41}},"52":{"start":{"line":239,"column":29},"end":{"line":239,"column":39}},"53":{"start":{"line":240,"column":8},"end":{"line":240,"column":35}},"54":{"start":{"line":240,"column":23},"end":{"line":240,"column":35}},"55":{"start":{"line":242,"column":8},"end":{"line":349,"column":10}},"56":{"start":{"line":260,"column":32},"end":{"line":269,"column":38}},"57":{"start":{"line":264,"column":44},"end":{"line":266,"column":49}},"58":{"start":{"line":277,"column":36},"end":{"line":279,"column":41}},"59":{"start":{"line":288,"column":36},"end":{"line":299,"column":42}},"60":{"start":{"line":317,"column":36},"end":{"line":317,"column":92}},"61":{"start":{"line":326,"column":36},"end":{"line":342,"column":42}},"62":{"start":{"line":353,"column":8},"end":{"line":458,"column":10}},"63":{"start":{"line":376,"column":49},"end":{"line":376,"column":94}},"64":{"start":{"line":418,"column":51},"end":{"line":418,"column":92}},"65":{"start":{"line":439,"column":36},"end":{"line":451,"column":45}},"66":{"start":{"line":444,"column":55},"end":{"line":444,"column":90}}},"fnMap":{"0":{"name":"(anonymous_0)","decl":{"start":{"line":18,"column":4},"end":{"line":18,"column":5}},"loc":{"start":{"line":18,"column":24},"end":{"line":25,"column":5}},"line":18},"1":{"name":"(anonymous_1)","decl":{"start":{"line":27,"column":18},"end":{"line":27,"column":19}},"loc":{"start":{"line":27,"column":30},"end":{"line":57,"column":5}},"line":27},"2":{"name":"(anonymous_2)","decl":{"start":{"line":59,"column":19},"end":{"line":59,"column":20}},"loc":{"start":{"line":59,"column":31},"end":{"line":141,"column":5}},"line":59},"3":{"name":"(anonymous_3)","decl":{"start":{"line":143,"column":27},"end":{"line":143,"column":28}},"loc":{"start":{"line":143,"column":41},"end":{"line":149,"column":5}},"line":143},"4":{"name":"(anonymous_4)","decl":{"start":{"line":151,"column":20},"end":{"line":151,"column":21}},"loc":{"start":{"line":151,"column":32},"end":{"line":170,"column":5}},"line":151},"5":{"name":"(anonymous_5)","decl":{"start":{"line":172,"column":4},"end":{"line":172,"column":5}},"loc":{"start":{"line":172,"column":23},"end":{"line":236,"column":5}},"line":172},"6":{"name":"(anonymous_6)","decl":{"start":{"line":203,"column":67},"end":{"line":203,"column":68}},"loc":{"start":{"line":204,"column":40},"end":{"line":206,"column":45}},"line":204},"7":{"name":"(anonymous_7)","decl":{"start":{"line":213,"column":66},"end":{"line":213,"column":67}},"loc":{"start":{"line":214,"column":40},"end":{"line":216,"column":45}},"line":214},"8":{"name":"(anonymous_8)","decl":{"start":{"line":225,"column":64},"end":{"line":225,"column":65}},"loc":{"start":{"line":226,"column":36},"end":{"line":228,"column":41}},"line":226},"9":{"name":"(anonymous_9)","decl":{"start":{"line":238,"column":4},"end":{"line":238,"column":5}},"loc":{"start":{"line":238,"column":21},"end":{"line":350,"column":5}},"line":238},"10":{"name":"(anonymous_10)","decl":{"start":{"line":259,"column":58},"end":{"line":259,"column":59}},"loc":{"start":{"line":260,"column":32},"end":{"line":269,"column":38}},"line":260},"11":{"name":"(anonymous_11)","decl":{"start":{"line":263,"column":65},"end":{"line":263,"column":66}},"loc":{"start":{"line":264,"column":44},"end":{"line":266,"column":49}},"line":264},"12":{"name":"(anonymous_12)","decl":{"start":{"line":276,"column":57},"end":{"line":276,"column":58}},"loc":{"start":{"line":277,"column":36},"end":{"line":279,"column":41}},"line":277},"13":{"name":"(anonymous_13)","decl":{"start":{"line":287,"column":61},"end":{"line":287,"column":62}},"loc":{"start":{"line":288,"column":36},"end":{"line":299,"column":42}},"line":288},"14":{"name":"(anonymous_14)","decl":{"start":{"line":316,"column":61},"end":{"line":316,"column":62}},"loc":{"start":{"line":317,"column":36},"end":{"line":317,"column":92}},"line":317},"15":{"name":"(anonymous_15)","decl":{"start":{"line":325,"column":64},"end":{"line":325,"column":65}},"loc":{"start":{"line":326,"column":36},"end":{"line":342,"column":42}},"line":326},"16":{"name":"(anonymous_16)","decl":{"start":{"line":352,"column":4},"end":{"line":352,"column":5}},"loc":{"start":{"line":352,"column":13},"end":{"line":459,"column":5}},"line":352},"17":{"name":"(anonymous_17)","decl":{"start":{"line":376,"column":42},"end":{"line":376,"column":43}},"loc":{"start":{"line":376,"column":49},"end":{"line":376,"column":94}},"line":376},"18":{"name":"(anonymous_18)","decl":{"start":{"line":418,"column":45},"end":{"line":418,"column":46}},"loc":{"start":{"line":418,"column":51},"end":{"line":418,"column":92}},"line":418},"19":{"name":"(anonymous_19)","decl":{"start":{"line":438,"column":61},"end":{"line":438,"column":62}},"loc":{"start":{"line":439,"column":36},"end":{"line":451,"column":45}},"line":439},"20":{"name":"(anonymous_20)","decl":{"start":{"line":444,"column":49},"end":{"line":444,"column":50}},"loc":{"start":{"line":444,"column":55},"end":{"line":444,"column":90}},"line":444}},"branchMap":{"0":{"loc":{"start":{"line":22,"column":8},"end":{"line":24,"column":9}},"type":"if","locations":[{"start":{"line":22,"column":8},"end":{"line":24,"column":9}},{"start":{},"end":{}}],"line":22},"1":{"loc":{"start":{"line":60,"column":8},"end":{"line":60,"column":43}},"type":"if","locations":[{"start":{"line":60,"column":8},"end":{"line":60,"column":43}},{"start":{},"end":{}}],"line":60},"2":{"loc":{"start":{"line":75,"column":12},"end":{"line":133,"column":13}},"type":"if","locations":[{"start":{"line":75,"column":12},"end":{"line":133,"column":13}},{"start":{"line":127,"column":19},"end":{"line":133,"column":13}}],"line":75},"3":{"loc":{"start":{"line":75,"column":16},"end":{"line":75,"column":54}},"type":"binary-expr","locations":[{"start":{"line":75,"column":16},"end":{"line":75,"column":29}},{"start":{"line":75,"column":33},"end":{"line":75,"column":54}}],"line":75},"4":{"loc":{"start":{"line":107,"column":20},"end":{"line":109,"column":21}},"type":"if","locations":[{"start":{"line":107,"column":20},"end":{"line":109,"column":21}},{"start":{},"end":{}}],"line":107},"5":{"loc":{"start":{"line":131,"column":27},"end":{"line":131,"column":98}},"type":"cond-expr","locations":[{"start":{"line":131,"column":43},"end":{"line":131,"column":47}},{"start":{"line":131,"column":50},"end":{"line":131,"column":98}}],"line":131},"6":{"loc":{"start":{"line":161,"column":12},"end":{"line":163,"column":13}},"type":"if","locations":[{"start":{"line":161,"column":12},"end":{"line":163,"column":13}},{"start":{},"end":{}}],"line":161},"7":{"loc":{"start":{"line":174,"column":8},"end":{"line":174,"column":37}},"type":"if","locations":[{"start":{"line":174,"column":8},"end":{"line":174,"column":37}},{"start":{},"end":{}}],"line":174},"8":{"loc":{"start":{"line":240,"column":8},"end":{"line":240,"column":35}},"type":"if","locations":[{"start":{"line":240,"column":8},"end":{"line":240,"column":35}},{"start":{},"end":{}}],"line":240},"9":{"loc":{"start":{"line":383,"column":33},"end":{"line":388,"column":44}},"type":"cond-expr","locations":[{"start":{"line":384,"column":36},"end":{"line":387,"column":43}},{"start":{"line":388,"column":36},"end":{"line":388,"column":44}}],"line":383},"10":{"loc":{"start":{"line":393,"column":21},"end":{"line":403,"column":21}},"type":"binary-expr","locations":[{"start":{"line":393,"column":21},"end":{"line":393,"column":37}},{"start":{"line":394,"column":24},"end":{"line":402,"column":30}}],"line":393},"11":{"loc":{"start":{"line":405,"column":21},"end":{"line":424,"column":21}},"type":"binary-expr","locations":[{"start":{"line":405,"column":21},"end":{"line":405,"column":48}},{"start":{"line":406,"column":24},"end":{"line":423,"column":30}}],"line":405},"12":{"loc":{"start":{"line":442,"column":44},"end":{"line":442,"column":107}},"type":"cond-expr","locations":[{"start":{"line":442,"column":94},"end":{"line":442,"column":102}},{"start":{"line":442,"column":105},"end":{"line":442,"column":107}}],"line":442}},"s":{"0":0,"1":0,"2":0,"3":0,"4":0,"5":0,"6":0,"7":0,"8":0,"9":0,"10":0,"11":0,"12":0,"13":0,"14":0,"15":0,"16":0,"17":0,"18":0,"19":0,"20":0,"21":0,"22":0,"23":0,"24":0,"25":0,"26":0,"27":0,"28":0,"29":0,"30":0,"31":0,"32":0,"33":0,"34":0,"35":0,"36":0,"37":0,"38":0,"39":0,"40":0,"41":0,"42":0,"43":0,"44":0,"45":0,"46":0,"47":0,"48":0,"49":0,"50":0,"51":0,"52":0,"53":0,"54":0,"55":0,"56":0,"57":0,"58":0,"59":0,"60":0,"61":0,"62":0,"63":0,"64":0,"65":0,"66":0},"f":{"0":0,"1":0,"2":0,"3":0,"4":0,"5":0,"6":0,"7":0,"8":0,"9":0,"10":0,"11":0,"12":0,"13":0,"14":0,"15":0,"16":0,"17":0,"18":0,"19":0,"20":0},"b":{"0":[0,0],"1":[0,0],"2":[0,0],"3":[0,0],"4":[0,0],"5":[0,0],"6":[0,0],"7":[0,0],"8":[0,0],"9":[0,0],"10":[0,0],"11":[0,0],"12":[0,0]},"_coverageSchema":"1a1c01bbd47fc00a2c39e90264f33305004495a9","hash":"f924de2a9c302daa69650d07261786d8bc179d0d"}
,"/Users/havenbrown/Desktop/CSC_510/Projects/Project2/frontend/src/sidebar/Sidebar.js": {"path":"/Users/havenbrown/Desktop/CSC_510/Projects/Project2/frontend/src/sidebar/Sidebar.js","statementMap":{"0":{"start":{"line":11,"column":4},"end":{"line":52,"column":5}},"1":{"start":{"line":14,"column":30},"end":{"line":14,"column":65}},"2":{"start":{"line":18,"column":30},"end":{"line":18,"column":71}},"3":{"start":{"line":22,"column":30},"end":{"line":22,"column":66}},"4":{"start":{"line":26,"column":30},"end":{"line":26,"column":70}},"5":{"start":{"line":30,"column":30},"end":{"line":30,"column":66}},"6":{"start":{"line":34,"column":30},"end":{"line":34,"column":72}},"7":{"start":{"line":38,"column":30},"end":{"line":38,"column":72}},"8":{"start":{"line":42,"column":30},"end":{"line":42,"column":70}},"9":{"start":{"line":46,"column":30},"end":{"line":46,"column":55}}},"fnMap":{"0":{"name":"(anonymous_0)","decl":{"start":{"line":10,"column":2},"end":{"line":10,"column":3}},"loc":{"start":{"line":10,"column":11},"end":{"line":53,"column":3}},"line":10},"1":{"name":"(anonymous_1)","decl":{"start":{"line":14,"column":24},"end":{"line":14,"column":25}},"loc":{"start":{"line":14,"column":30},"end":{"line":14,"column":65}},"line":14},"2":{"name":"(anonymous_2)","decl":{"start":{"line":18,"column":24},"end":{"line":18,"column":25}},"loc":{"start":{"line":18,"column":30},"end":{"line":18,"column":71}},"line":18},"3":{"name":"(anonymous_3)","decl":{"start":{"line":22,"column":24},"end":{"line":22,"column":25}},"loc":{"start":{"line":22,"column":30},"end":{"line":22,"column":66}},"line":22},"4":{"name":"(anonymous_4)","decl":{"start":{"line":26,"column":24},"end":{"line":26,"column":25}},"loc":{"start":{"line":26,"column":30},"end":{"line":26,"column":70}},"line":26},"5":{"name":"(anonymous_5)","decl":{"start":{"line":30,"column":24},"end":{"line":30,"column":25}},"loc":{"start":{"line":30,"column":30},"end":{"line":30,"column":66}},"line":30},"6":{"name":"(anonymous_6)","decl":{"start":{"line":34,"column":24},"end":{"line":34,"column":25}},"loc":{"start":{"line":34,"column":30},"end":{"line":34,"column":72}},"line":34},"7":{"name":"(anonymous_7)","decl":{"start":{"line":38,"column":24},"end":{"line":38,"column":25}},"loc":{"start":{"line":38,"column":30},"end":{"line":38,"column":72}},"line":38},"8":{"name":"(anonymous_8)","decl":{"start":{"line":42,"column":24},"end":{"line":42,"column":25}},"loc":{"start":{"line":42,"column":30},"end":{"line":42,"column":70}},"line":42},"9":{"name":"(anonymous_9)","decl":{"start":{"line":46,"column":24},"end":{"line":46,"column":25}},"loc":{"start":{"line":46,"column":30},"end":{"line":46,"column":55}},"line":46}},"branchMap":{},"s":{"0":0,"1":0,"2":0,"3":0,"4":0,"5":0,"6":0,"7":0,"8":0,"9":0},"f":{"0":0,"1":0,"2":0,"3":0,"4":0,"5":0,"6":0,"7":0,"8":0,"9":0},"b":{},"_coverageSchema":"1a1c01bbd47fc00a2c39e90264f33305004495a9","hash":"94aa3cbd7408671d1e45f736678e3ff92ce63c2d"}
,"/Users/havenbrown/Desktop/CSC_510/Projects/Project2/frontend/src/spinners/Spinner.js": {"path":"/Users/havenbrown/Desktop/CSC_510/Projects/Project2/frontend/src/spinners/Spinner.js","statementMap":{"0":{"start":{"line":4,"column":1},"end":{"line":8,"column":3}}},"fnMap":{"0":{"name":"Spinner","decl":{"start":{"line":3,"column":9},"end":{"line":3,"column":16}},"loc":{"start":{"line":3,"column":38},"end":{"line":9,"column":1}},"line":3}},"branchMap":{},"s":{"0":0},"f":{"0":0},"b":{},"_coverageSchema":"1a1c01bbd47fc00a2c39e90264f33305004495a9","hash":"880281c1f90aebb58711a358afe5d0bd569cd1df"}
}
