TN:
SF:src/App.js
FN:17,(anonymous_0)
FN:40,(anonymous_1)
FN:48,(anonymous_2)
FN:58,(anonymous_3)
FN:61,(anonymous_4)
FN:65,(anonymous_5)
FN:76,(anonymous_6)
FN:84,(anonymous_7)
FN:105,(anonymous_8)
FNF:9
FNH:3
FNDA:1,(anonymous_0)
FNDA:0,(anonymous_1)
FNDA:1,(anonymous_2)
FNDA:0,(anonymous_3)
FNDA:0,(anonymous_4)
FNDA:0,(anonymous_5)
FNDA:0,(anonymous_6)
FNDA:0,(anonymous_7)
FNDA:1,(anonymous_8)
DA:18,1
DA:19,1
DA:30,1
DA:36,1
DA:37,1
DA:40,1
DA:41,0
DA:42,0
DA:49,1
DA:50,0
DA:51,0
DA:59,0
DA:61,0
DA:65,1
DA:66,0
DA:67,0
DA:76,1
DA:77,0
DA:78,0
DA:79,0
DA:86,0
DA:87,0
DA:93,0
DA:94,0
DA:100,0
DA:102,0
DA:108,1
DA:109,0
DA:134,1
DA:159,1
LF:30
LH:12
BRDA:49,0,0,0
BRDA:49,0,1,1
BRDA:86,1,0,0
BRDA:86,1,1,0
BRDA:93,2,0,0
BRDA:93,2,1,0
BRDA:108,3,0,0
BRDA:108,3,1,1
BRF:8
BRH:2
end_of_record
TN:
SF:src/index.js
FNF:0
FNH:0
DA:8,0
DA:18,0
LF:2
LH:0
BRF:0
BRH:0
end_of_record
TN:
SF:src/reportWebVitals.js
FN:1,(anonymous_0)
FN:3,(anonymous_1)
FNF:2
FNH:0
FNDA:0,(anonymous_0)
FNDA:0,(anonymous_1)
DA:1,0
DA:2,0
DA:3,0
DA:4,0
DA:5,0
DA:6,0
DA:7,0
DA:8,0
LF:8
LH:0
BRDA:2,0,0,0
BRDA:2,0,1,0
BRDA:2,1,0,0
BRDA:2,1,1,0
BRF:4
BRH:0
end_of_record
TN:
SF:src/Modals/JobDescription.js
FN:5,(anonymous_0)
FN:18,(anonymous_1)
FN:28,(anonymous_2)
FN:38,(anonymous_3)
FN:46,(anonymous_4)
FNF:5
FNH:0
FNDA:0,(anonymous_0)
FNDA:0,(anonymous_1)
FNDA:0,(anonymous_2)
FNDA:0,(anonymous_3)
FNDA:0,(anonymous_4)
DA:5,0
DA:6,0
DA:7,0
DA:8,0
DA:19,0
DA:29,0
DA:39,0
DA:46,0
LF:8
LH:0
BRDA:14,0,0,0
BRDA:14,0,1,0
BRDA:14,0,2,0
BRDA:24,1,0,0
BRDA:24,1,1,0
BRDA:24,1,2,0
BRDA:34,2,0,0
BRDA:34,2,1,0
BRDA:34,2,2,0
BRF:9
BRH:0
end_of_record
TN:
SF:src/api/applicationHandler.js
FN:3,(anonymous_0)
FNF:1
FNH:0
FNDA:0,(anonymous_0)
DA:3,0
DA:5,0
LF:2
LH:0
BRF:0
BRH:0
end_of_record
TN:
SF:src/api/handler.js
FN:3,fetch
FN:4,(anonymous_1)
FN:11,(anonymous_2)
FN:13,(anonymous_3)
FNF:4
FNH:0
FNDA:0,fetch
FNDA:0,(anonymous_1)
FNDA:0,(anonymous_2)
FNDA:0,(anonymous_3)
DA:4,0
DA:5,0
DA:12,0
DA:14,0
DA:15,0
DA:16,0
DA:18,0
LF:7
LH:0
BRDA:14,0,0,0
BRDA:14,0,1,0
BRF:2
BRH:0
end_of_record
TN:
SF:src/api/loginHandler.js
FN:3,(anonymous_0)
FN:12,(anonymous_1)
FN:20,(anonymous_2)
FNF:3
FNH:0
FNDA:0,(anonymous_0)
FNDA:0,(anonymous_1)
FNDA:0,(anonymous_2)
DA:3,1
DA:5,0
DA:12,1
DA:13,0
DA:20,1
DA:21,0
DA:23,0
DA:24,0
DA:25,0
DA:28,0
DA:29,0
DA:30,0
DA:33,0
DA:34,0
LF:14
LH:3
BRDA:23,0,0,0
BRDA:23,0,1,0
BRDA:33,1,0,0
BRDA:33,1,1,0
BRDA:35,2,0,0
BRDA:35,2,1,0
BRDA:36,3,0,0
BRDA:36,3,1,0
BRDA:37,4,0,0
BRDA:37,4,1,0
BRDA:38,5,0,0
BRDA:38,5,1,0
BRDA:39,6,0,0
BRDA:39,6,1,0
BRDA:40,7,0,0
BRDA:40,7,1,0
BRDA:41,8,0,0
BRDA:41,8,1,0
BRDA:42,9,0,0
BRDA:42,9,1,0
BRF:20
BRH:0
end_of_record
TN:
SF:src/application/ApplicationPage.js
FN:5,(anonymous_0)
FN:15,(anonymous_1)
FN:31,(anonymous_2)
FN:47,(anonymous_3)
FN:62,(anonymous_4)
FN:110,(anonymous_5)
FN:120,(anonymous_6)
FN:125,(anonymous_7)
FN:130,(anonymous_8)
FN:135,(anonymous_9)
FN:140,(anonymous_10)
FN:147,(anonymous_11)
FN:161,(anonymous_12)
FN:168,(anonymous_13)
FN:188,(anonymous_14)
FN:193,(anonymous_15)
FN:204,(anonymous_16)
FN:205,(anonymous_17)
FN:209,(anonymous_18)
FN:214,(anonymous_19)
FN:240,(anonymous_20)
FN:241,(anonymous_21)
FN:244,(anonymous_22)
FN:246,(anonymous_23)
FN:264,(anonymous_24)
FN:265,(anonymous_25)
FN:266,(anonymous_26)
FN:267,(anonymous_27)
FN:273,(anonymous_28)
FN:284,(anonymous_29)
FN:297,(anonymous_30)
FN:298,(anonymous_31)
FN:301,(anonymous_32)
FNF:33
FNH:0
FNDA:0,(anonymous_0)
FNDA:0,(anonymous_1)
FNDA:0,(anonymous_2)
FNDA:0,(anonymous_3)
FNDA:0,(anonymous_4)
FNDA:0,(anonymous_5)
FNDA:0,(anonymous_6)
FNDA:0,(anonymous_7)
FNDA:0,(anonymous_8)
FNDA:0,(anonymous_9)
FNDA:0,(anonymous_10)
FNDA:0,(anonymous_11)
FNDA:0,(anonymous_12)
FNDA:0,(anonymous_13)
FNDA:0,(anonymous_14)
FNDA:0,(anonymous_15)
FNDA:0,(anonymous_16)
FNDA:0,(anonymous_17)
FNDA:0,(anonymous_18)
FNDA:0,(anonymous_19)
FNDA:0,(anonymous_20)
FNDA:0,(anonymous_21)
FNDA:0,(anonymous_22)
FNDA:0,(anonymous_23)
FNDA:0,(anonymous_24)
FNDA:0,(anonymous_25)
FNDA:0,(anonymous_26)
FNDA:0,(anonymous_27)
FNDA:0,(anonymous_28)
FNDA:0,(anonymous_29)
FNDA:0,(anonymous_30)
FNDA:0,(anonymous_31)
FNDA:0,(anonymous_32)
DA:5,1
DA:6,0
DA:7,0
DA:8,0
DA:9,0
DA:10,0
DA:11,0
DA:12,0
DA:13,0
DA:15,0
DA:16,0
DA:17,0
DA:18,0
DA:19,0
DA:20,0
DA:21,0
DA:22,0
DA:23,0
DA:24,0
DA:26,0
DA:29,0
DA:32,0
DA:33,0
DA:34,0
DA:35,0
DA:36,0
DA:37,0
DA:38,0
DA:39,0
DA:40,0
DA:41,0
DA:48,0
DA:63,0
DA:64,0
DA:65,0
DA:66,0
DA:67,0
DA:68,0
DA:69,0
DA:70,0
DA:71,0
DA:72,0
DA:110,0
DA:120,0
DA:125,0
DA:130,0
DA:135,0
DA:140,0
DA:147,0
DA:162,0
DA:163,0
DA:164,0
DA:169,0
DA:170,0
DA:171,0
DA:172,0
DA:173,0
DA:174,0
DA:175,0
DA:176,0
DA:177,0
DA:188,1
DA:189,0
DA:190,0
DA:191,0
DA:193,0
DA:195,0
DA:196,0
DA:204,0
DA:205,0
DA:209,0
DA:210,0
DA:213,0
DA:215,0
DA:225,0
DA:226,0
DA:240,0
DA:243,0
DA:244,0
DA:248,0
DA:249,0
DA:252,0
DA:264,0
DA:266,0
DA:267,0
DA:268,0
DA:270,0
DA:275,0
DA:276,0
DA:279,0
DA:284,0
DA:285,0
DA:297,0
DA:299,0
DA:303,0
DA:304,0
DA:306,0
DA:307,0
DA:310,0
LF:99
LH:2
BRDA:17,0,0,0
BRDA:17,0,1,0
BRDA:19,1,0,0
BRDA:19,1,1,0
BRDA:21,2,0,0
BRDA:21,2,1,0
BRDA:23,3,0,0
BRDA:23,3,1,0
BRDA:159,4,0,0
BRDA:159,4,1,0
BRDA:195,5,0,0
BRDA:195,5,1,0
BRDA:216,6,0,0
BRDA:216,6,1,0
BRDA:225,7,0,0
BRDA:225,7,1,0
BRDA:268,8,0,0
BRDA:268,8,1,0
BRF:18
BRH:0
end_of_record
TN:
SF:src/application/Card.js
FN:24,(anonymous_0)
FN:32,(anonymous_1)
FN:36,(anonymous_2)
FN:37,(anonymous_3)
FNF:4
FNH:0
FNDA:0,(anonymous_0)
FNDA:0,(anonymous_1)
FNDA:0,(anonymous_2)
FNDA:0,(anonymous_3)
DA:3,0
DA:25,0
DA:27,0
DA:33,0
DA:37,0
DA:38,0
DA:40,0
LF:7
LH:0
BRF:0
BRH:0
end_of_record
TN:
SF:src/application/CardModal.js
FN:4,(anonymous_0)
FN:22,(anonymous_1)
FN:26,(anonymous_2)
FN:46,(anonymous_3)
FN:60,(anonymous_4)
FNF:5
FNH:0
FNDA:0,(anonymous_0)
FNDA:0,(anonymous_1)
FNDA:0,(anonymous_2)
FNDA:0,(anonymous_3)
FNDA:0,(anonymous_4)
DA:5,0
DA:6,0
DA:23,0
DA:27,0
DA:28,0
DA:29,0
DA:38,0
DA:39,0
DA:41,0
DA:43,0
DA:47,0
DA:48,0
DA:57,0
DA:61,0
DA:62,0
DA:63,0
DA:69,0
DA:76,0
DA:132,0
LF:19
LH:0
BRDA:38,0,0,0
BRDA:38,0,1,0
BRDA:38,1,0,0
BRDA:38,1,1,0
BRDA:62,2,0,0
BRDA:62,2,1,0
BRDA:76,3,0,0
BRDA:76,3,1,0
BRF:8
BRH:0
end_of_record
TN:
SF:src/careerroadmap/careerroadmap.js
FN:10,(anonymous_0)
FN:19,(anonymous_1)
FN:24,(anonymous_2)
FN:47,(anonymous_3)
FN:55,(anonymous_4)
FN:62,(anonymous_5)
FN:124,(anonymous_6)
FNF:7
FNH:0
FNDA:0,(anonymous_0)
FNDA:0,(anonymous_1)
FNDA:0,(anonymous_2)
FNDA:0,(anonymous_3)
FNDA:0,(anonymous_4)
FNDA:0,(anonymous_5)
FNDA:0,(anonymous_6)
DA:7,1
DA:11,0
DA:12,0
DA:19,0
DA:20,0
DA:21,0
DA:24,0
DA:25,0
DA:26,0
DA:35,0
DA:37,0
DA:38,0
DA:40,0
DA:41,0
DA:42,0
DA:47,0
DA:48,0
DA:49,0
DA:51,0
DA:52,0
DA:53,0
DA:54,0
DA:55,0
DA:56,0
DA:58,0
DA:62,0
DA:68,0
DA:70,0
DA:73,0
DA:74,0
DA:75,0
DA:80,0
DA:81,0
DA:83,0
DA:86,0
DA:107,0
DA:108,0
DA:109,0
DA:111,0
DA:112,0
DA:115,0
DA:116,0
DA:119,0
DA:125,0
LF:44
LH:1
BRDA:35,0,0,0
BRDA:35,0,1,0
BRDA:81,1,0,0
BRDA:81,1,1,0
BRDA:133,2,0,0
BRDA:133,2,1,0
BRDA:141,3,0,0
BRDA:141,3,1,0
BRDA:154,4,0,0
BRDA:154,4,1,0
BRF:10
BRH:0
end_of_record
TN:
SF:src/coverletter/CoverLetterPage.js
FN:10,(anonymous_0)
FN:22,(anonymous_1)
FN:27,(anonymous_2)
FN:49,(anonymous_3)
FN:57,(anonymous_4)
FN:63,(anonymous_5)
FN:80,(anonymous_6)
FN:133,(anonymous_7)
FNF:8
FNH:6
FNDA:3,(anonymous_0)
FNDA:3,(anonymous_1)
FNDA:1,(anonymous_2)
FNDA:0,(anonymous_3)
FNDA:0,(anonymous_4)
FNDA:2,(anonymous_5)
FNDA:2,(anonymous_6)
FNDA:11,(anonymous_7)
DA:7,2
DA:11,3
DA:12,3
DA:22,3
DA:23,3
DA:24,3
DA:27,3
DA:28,1
DA:29,1
DA:38,1
DA:40,0
DA:41,0
DA:43,1
DA:44,1
DA:45,1
DA:49,3
DA:50,0
DA:51,0
DA:53,0
DA:54,0
DA:55,0
DA:56,0
DA:57,0
DA:58,0
DA:60,0
DA:63,3
DA:64,2
DA:65,1
DA:66,1
DA:69,1
DA:71,1
DA:74,1
DA:75,1
DA:76,1
DA:79,1
DA:80,2
DA:82,1
DA:85,1
DA:86,1
DA:88,1
DA:91,1
DA:116,1
DA:117,0
DA:118,0
DA:120,0
DA:121,0
DA:124,1
DA:125,1
DA:128,1
DA:134,11
LF:50
LH:35
BRDA:38,0,0,0
BRDA:38,0,1,0
BRDA:64,1,0,1
BRDA:64,1,1,1
BRDA:64,2,0,2
BRDA:64,2,1,1
BRDA:64,2,2,1
BRDA:79,3,0,1
BRDA:79,3,1,0
BRDA:86,4,0,0
BRDA:86,4,1,1
BRDA:173,5,0,11
BRDA:173,5,1,4
BRDA:181,6,0,3
BRDA:181,6,1,8
BRDA:194,7,0,11
BRDA:194,7,1,0
BRF:17
BRH:12
end_of_record
TN:
SF:src/data/Constants.js
FN:389,toDropdownOptionsList
FN:392,(anonymous_1)
FNF:2
FNH:2
FNDA:8,toDropdownOptionsList
FNDA:726,(anonymous_1)
DA:1,2
DA:14,2
DA:214,2
DA:363,2
DA:376,2
DA:390,8
DA:391,8
DA:392,726
DA:395,2
LF:9
LH:9
BRF:0
BRH:0
end_of_record
TN:
SF:src/interviewprep/InterviewPrepPage.js
FN:7,(anonymous_0)
FN:20,(anonymous_1)
FN:24,(anonymous_2)
FN:25,(anonymous_3)
FN:33,(anonymous_4)
FN:74,(anonymous_5)
FN:75,(anonymous_6)
FN:92,(anonymous_7)
FN:101,(anonymous_8)
FN:135,(anonymous_9)
FN:148,(anonymous_10)
FN:161,(anonymous_11)
FN:224,(anonymous_12)
FN:240,(anonymous_13)
FN:249,(anonymous_14)
FNF:15
FNH:14
FNDA:19,(anonymous_0)
FNDA:18,(anonymous_1)
FNDA:6,(anonymous_2)
FNDA:6,(anonymous_3)
FNDA:18,(anonymous_4)
FNDA:1,(anonymous_5)
FNDA:0,(anonymous_6)
FNDA:4,(anonymous_7)
FNDA:4,(anonymous_8)
FNDA:2,(anonymous_9)
FNDA:1,(anonymous_10)
FNDA:84,(anonymous_11)
FNDA:32,(anonymous_12)
FNDA:6,(anonymous_13)
FNDA:4,(anonymous_14)
DA:8,19
DA:9,19
DA:20,19
DA:21,18
DA:24,19
DA:25,6
DA:33,19
DA:34,18
DA:35,1
DA:36,1
DA:39,17
DA:41,17
DA:44,17
DA:45,17
DA:46,17
DA:49,17
DA:61,17
DA:62,15
DA:63,15
DA:67,15
DA:69,15
DA:70,15
DA:72,1
DA:74,1
DA:75,1
DA:78,15
DA:84,1
DA:85,1
DA:92,19
DA:93,4
DA:94,4
DA:96,4
DA:97,0
DA:101,4
DA:108,4
DA:110,4
DA:111,4
DA:112,4
DA:115,4
DA:130,4
DA:131,2
DA:132,2
DA:135,2
DA:147,1
DA:148,1
DA:162,84
DA:164,84
DA:225,32
DA:240,6
DA:249,4
LF:50
LH:49
BRDA:34,0,0,1
BRDA:34,0,1,17
BRDA:79,1,0,15
BRDA:79,1,1,0
BRDA:96,2,0,0
BRDA:96,2,1,4
BRDA:96,3,0,4
BRDA:96,3,1,4
BRDA:122,4,0,4
BRDA:122,4,1,0
BRDA:185,5,0,84
BRDA:185,5,1,2
BRDA:195,6,0,17
BRDA:195,6,1,67
BRDA:217,7,0,84
BRDA:217,7,1,29
BRDA:228,8,0,32
BRDA:228,8,1,31
BRDA:239,9,0,32
BRDA:239,9,1,19
BRDA:250,10,0,32
BRDA:250,10,1,28
BRDA:252,11,0,4
BRDA:252,11,1,28
BRDA:269,12,0,32
BRDA:269,12,1,3
BRF:26
BRH:23
end_of_record
TN:
SF:src/login/LoginPage.js
FN:6,(anonymous_0)
FN:12,(anonymous_1)
FN:17,(anonymous_2)
FN:34,(anonymous_3)
FN:41,(anonymous_4)
FN:50,(anonymous_5)
FN:53,(anonymous_6)
FN:58,(anonymous_7)
FN:62,(anonymous_8)
FN:80,(anonymous_9)
FN:115,(anonymous_10)
FN:128,(anonymous_11)
FN:170,(anonymous_12)
FN:183,(anonymous_13)
FNF:14
FNH:3
FNDA:1,(anonymous_0)
FNDA:0,(anonymous_1)
FNDA:0,(anonymous_2)
FNDA:0,(anonymous_3)
FNDA:0,(anonymous_4)
FNDA:0,(anonymous_5)
FNDA:0,(anonymous_6)
FNDA:0,(anonymous_7)
FNDA:1,(anonymous_8)
FNDA:1,(anonymous_9)
FNDA:0,(anonymous_10)
FNDA:0,(anonymous_11)
FNDA:0,(anonymous_12)
FNDA:0,(anonymous_13)
DA:7,1
DA:9,1
DA:12,1
DA:13,0
DA:14,0
DA:16,0
DA:18,0
DA:20,0
DA:21,0
DA:25,0
DA:26,0
DA:27,0
DA:28,0
DA:31,0
DA:32,0
DA:35,0
DA:36,0
DA:41,1
DA:42,0
DA:43,0
DA:49,0
DA:51,0
DA:54,0
DA:58,1
DA:59,0
DA:63,1
DA:64,1
DA:65,1
DA:66,1
DA:67,1
DA:68,1
DA:73,1
DA:74,0
DA:75,0
DA:81,1
DA:116,0
DA:117,0
DA:118,0
DA:119,0
DA:129,0
DA:171,0
DA:172,0
DA:173,0
DA:174,0
DA:175,0
DA:184,0
DA:199,1
DA:203,1
DA:211,1
LF:49
LH:16
BRDA:20,0,0,0
BRDA:20,0,1,0
BRDA:20,1,0,0
BRDA:20,1,1,0
BRDA:25,2,0,0
BRDA:25,2,1,0
BRDA:63,3,0,1
BRDA:63,3,1,0
BRDA:73,4,0,0
BRDA:73,4,1,1
BRF:10
BRH:2
end_of_record
TN:
SF:src/matches/MatchesPage.js
FN:5,(anonymous_0)
FN:13,(anonymous_1)
FN:17,(anonymous_2)
FN:59,(anonymous_3)
FN:140,(anonymous_4)
FN:168,(anonymous_5)
FNF:6
FNH:0
FNDA:0,(anonymous_0)
FNDA:0,(anonymous_1)
FNDA:0,(anonymous_2)
FNDA:0,(anonymous_3)
FNDA:0,(anonymous_4)
FNDA:0,(anonymous_5)
DA:5,1
DA:6,0
DA:7,0
DA:8,0
DA:9,0
DA:13,0
DA:14,0
DA:17,0
DA:18,0
DA:19,0
DA:20,0
DA:22,0
DA:23,0
DA:24,0
DA:26,0
DA:34,0
DA:35,0
DA:37,0
DA:38,0
DA:41,0
DA:42,0
DA:43,0
DA:44,0
DA:45,0
DA:46,0
DA:48,0
DA:51,0
DA:52,0
DA:54,0
DA:59,0
DA:60,0
DA:61,0
DA:62,0
DA:65,0
DA:141,0
DA:169,0
DA:170,0
DA:171,0
DA:172,0
LF:39
LH:1
BRDA:10,0,0,0
BRDA:10,0,1,0
BRDA:37,1,0,0
BRDA:37,1,1,0
BRDA:38,2,0,0
BRDA:38,2,1,0
BRDA:41,3,0,0
BRDA:41,3,1,0
BRDA:44,4,0,0
BRDA:44,4,1,0
BRDA:137,5,0,0
BRDA:137,5,1,0
BRDA:137,5,2,0
BRDA:137,5,3,0
BRDA:176,6,0,0
BRDA:176,6,1,0
BRDA:184,7,0,0
BRDA:184,7,1,0
BRDA:192,8,0,0
BRDA:192,8,1,0
BRDA:192,8,2,0
BRDA:199,9,0,0
BRDA:199,9,1,0
BRDA:199,9,2,0
BRDA:199,9,3,0
BRDA:199,9,4,0
BRF:26
BRH:0
end_of_record
TN:
SF:src/profile/CustomModal.js
FN:7,(anonymous_0)
FN:11,(anonymous_1)
FN:26,(anonymous_2)
FN:31,(anonymous_3)
FN:44,(anonymous_4)
FN:56,(anonymous_5)
FNF:6
FNH:0
FNDA:0,(anonymous_0)
FNDA:0,(anonymous_1)
FNDA:0,(anonymous_2)
FNDA:0,(anonymous_3)
FNDA:0,(anonymous_4)
FNDA:0,(anonymous_5)
DA:7,1
DA:8,0
DA:9,0
DA:11,0
DA:12,0
DA:13,0
DA:28,0
DA:29,0
DA:32,0
DA:33,0
DA:36,0
DA:44,0
DA:56,0
LF:13
LH:1
BRF:0
BRH:0
end_of_record
TN:
SF:src/profile/CustomProfileModal.js
FN:7,(anonymous_0)
FN:13,(anonymous_1)
FN:31,(anonymous_2)
FN:36,(anonymous_3)
FN:54,(anonymous_4)
FN:58,(anonymous_5)
FN:74,(anonymous_6)
FN:86,(anonymous_7)
FN:102,(anonymous_8)
FN:118,(anonymous_9)
FN:132,(anonymous_10)
FN:143,(anonymous_11)
FN:157,(anonymous_12)
FNF:13
FNH:0
FNDA:0,(anonymous_0)
FNDA:0,(anonymous_1)
FNDA:0,(anonymous_2)
FNDA:0,(anonymous_3)
FNDA:0,(anonymous_4)
FNDA:0,(anonymous_5)
FNDA:0,(anonymous_6)
FNDA:0,(anonymous_7)
FNDA:0,(anonymous_8)
FNDA:0,(anonymous_9)
FNDA:0,(anonymous_10)
FNDA:0,(anonymous_11)
FNDA:0,(anonymous_12)
DA:7,1
DA:8,0
DA:9,0
DA:10,0
DA:11,0
DA:13,0
DA:14,0
DA:15,0
DA:18,0
DA:32,0
DA:33,0
DA:34,0
DA:37,0
DA:38,0
DA:42,0
DA:43,0
DA:44,0
DA:46,0
DA:55,0
DA:56,0
DA:59,0
DA:60,0
DA:66,0
DA:74,0
DA:86,0
DA:103,0
DA:119,0
DA:133,0
DA:144,0
DA:158,0
LF:30
LH:1
BRDA:14,0,0,0
BRDA:14,0,1,0
BRDA:42,1,0,0
BRDA:42,1,1,0
BRDA:88,2,0,0
BRDA:88,2,1,0
BRDA:106,3,0,0
BRDA:106,3,1,0
BRF:8
BRH:0
end_of_record
TN:
SF:src/profile/ProfilePage.js
FN:16,(anonymous_0)
FN:39,getUserInitials
FN:55,(anonymous_2)
FN:57,(anonymous_3)
FN:78,(anonymous_4)
FN:111,(anonymous_5)
FN:116,(anonymous_6)
FN:117,(anonymous_7)
FN:118,(anonymous_8)
FN:119,(anonymous_9)
FN:123,(anonymous_10)
FN:142,(anonymous_11)
FN:207,(anonymous_12)
FN:213,(anonymous_13)
FN:244,(anonymous_14)
FN:249,(anonymous_15)
FN:280,(anonymous_16)
FN:286,(anonymous_17)
FN:393,(anonymous_18)
FN:425,(anonymous_19)
FN:435,(anonymous_20)
FN:449,(anonymous_21)
FN:455,(anonymous_22)
FNF:23
FNH:0
FNDA:0,(anonymous_0)
FNDA:0,getUserInitials
FNDA:0,(anonymous_2)
FNDA:0,(anonymous_3)
FNDA:0,(anonymous_4)
FNDA:0,(anonymous_5)
FNDA:0,(anonymous_6)
FNDA:0,(anonymous_7)
FNDA:0,(anonymous_8)
FNDA:0,(anonymous_9)
FNDA:0,(anonymous_10)
FNDA:0,(anonymous_11)
FNDA:0,(anonymous_12)
FNDA:0,(anonymous_13)
FNDA:0,(anonymous_14)
FNDA:0,(anonymous_15)
FNDA:0,(anonymous_16)
FNDA:0,(anonymous_17)
FNDA:0,(anonymous_18)
FNDA:0,(anonymous_19)
FNDA:0,(anonymous_20)
FNDA:0,(anonymous_21)
FNDA:0,(anonymous_22)
DA:16,1
DA:17,0
DA:18,0
DA:19,0
DA:20,0
DA:21,0
DA:22,0
DA:23,0
DA:24,0
DA:25,0
DA:31,0
DA:33,0
DA:40,0
DA:41,0
DA:42,0
DA:43,0
DA:44,0
DA:46,0
DA:48,0
DA:55,0
DA:57,0
DA:58,0
DA:59,0
DA:67,0
DA:68,0
DA:71,0
DA:72,0
DA:74,0
DA:78,0
DA:79,0
DA:80,0
DA:88,0
DA:89,0
DA:92,0
DA:93,0
DA:95,0
DA:100,0
DA:112,0
DA:113,0
DA:115,0
DA:116,0
DA:117,0
DA:118,0
DA:119,0
DA:121,0
DA:124,0
DA:128,0
DA:142,0
DA:207,0
DA:214,0
DA:244,0
DA:250,0
DA:280,0
DA:287,0
DA:393,0
DA:426,0
DA:436,0
DA:450,0
DA:455,0
LF:59
LH:1
BRDA:40,0,0,0
BRDA:40,0,1,0
BRDA:40,1,0,0
BRDA:40,1,1,0
BRDA:43,2,0,0
BRDA:43,2,1,0
BRDA:67,3,0,0
BRDA:67,3,1,0
BRDA:88,4,0,0
BRDA:88,4,1,0
BRDA:153,5,0,0
BRDA:153,5,1,0
BRDA:158,6,0,0
BRDA:158,6,1,0
BRDA:168,7,0,0
BRDA:168,7,1,0
BRDA:176,8,0,0
BRDA:176,8,1,0
BRDA:184,9,0,0
BRDA:184,9,1,0
BRDA:385,10,0,0
BRDA:385,10,1,0
BRDA:453,11,0,0
BRDA:453,11,1,0
BRDA:456,12,0,0
BRDA:456,12,1,0
BRDA:466,13,0,0
BRDA:466,13,1,0
BRDA:467,14,0,0
BRDA:467,14,1,0
BRDA:478,15,0,0
BRDA:478,15,1,0
BRDA:490,16,0,0
BRDA:490,16,1,0
BRDA:500,17,0,0
BRDA:500,17,1,0
BRDA:510,18,0,0
BRDA:510,18,1,0
BRDA:520,19,0,0
BRDA:520,19,1,0
BRDA:530,20,0,0
BRDA:530,20,1,0
BRF:42
BRH:0
end_of_record
TN:
SF:src/resume/ManageResumePage.js
FN:7,(anonymous_0)
FN:20,(anonymous_1)
FN:33,(anonymous_2)
FN:40,(anonymous_3)
FN:47,(anonymous_4)
FN:69,(anonymous_5)
FN:75,(anonymous_6)
FN:87,(anonymous_7)
FN:104,(anonymous_8)
FN:109,(anonymous_9)
FNF:10
FNH:0
FNDA:0,(anonymous_0)
FNDA:0,(anonymous_1)
FNDA:0,(anonymous_2)
FNDA:0,(anonymous_3)
FNDA:0,(anonymous_4)
FNDA:0,(anonymous_5)
FNDA:0,(anonymous_6)
FNDA:0,(anonymous_7)
FNDA:0,(anonymous_8)
FNDA:0,(anonymous_9)
DA:8,0
DA:9,0
DA:14,0
DA:15,0
DA:16,0
DA:21,0
DA:34,0
DA:35,0
DA:36,0
DA:41,0
DA:42,0
DA:43,0
DA:48,0
DA:49,0
DA:50,0
DA:53,0
DA:54,0
DA:57,0
DA:70,0
DA:76,0
DA:88,0
DA:89,0
DA:90,0
DA:92,0
DA:93,0
DA:94,0
DA:95,0
DA:96,0
DA:97,0
DA:98,0
DA:99,0
DA:106,0
DA:110,0
LF:33
LH:0
BRDA:143,0,0,0
BRDA:143,0,1,0
BRDA:146,1,0,0
BRDA:146,1,1,0
BRF:4
BRH:0
end_of_record
TN:
SF:src/search/SearchCard.js
FN:5,(anonymous_0)
FN:26,(anonymous_1)
FN:30,(anonymous_2)
FN:50,(anonymous_3)
FNF:4
FNH:0
FNDA:0,(anonymous_0)
FNDA:0,(anonymous_1)
FNDA:0,(anonymous_2)
FNDA:0,(anonymous_3)
DA:6,0
DA:7,0
DA:8,0
DA:9,0
DA:21,0
DA:27,0
DA:31,0
DA:32,0
DA:33,0
DA:42,0
DA:43,0
DA:45,0
DA:47,0
DA:52,0
DA:56,0
DA:57,0
DA:60,0
LF:17
LH:0
BRDA:42,0,0,0
BRDA:42,0,1,0
BRDA:42,1,0,0
BRDA:42,1,1,0
BRDA:56,2,0,0
BRDA:56,2,1,0
BRF:6
BRH:0
end_of_record
TN:
SF:src/search/SearchPage.js
FN:18,(anonymous_0)
FN:27,(anonymous_1)
FN:59,(anonymous_2)
FN:143,(anonymous_3)
FN:151,(anonymous_4)
FN:172,(anonymous_5)
FN:203,(anonymous_6)
FN:213,(anonymous_7)
FN:225,(anonymous_8)
FN:238,(anonymous_9)
FN:259,(anonymous_10)
FN:263,(anonymous_11)
FN:276,(anonymous_12)
FN:287,(anonymous_13)
FN:316,(anonymous_14)
FN:325,(anonymous_15)
FN:352,(anonymous_16)
FN:376,(anonymous_17)
FN:418,(anonymous_18)
FN:438,(anonymous_19)
FN:444,(anonymous_20)
FNF:21
FNH:0
FNDA:0,(anonymous_0)
FNDA:0,(anonymous_1)
FNDA:0,(anonymous_2)
FNDA:0,(anonymous_3)
FNDA:0,(anonymous_4)
FNDA:0,(anonymous_5)
FNDA:0,(anonymous_6)
FNDA:0,(anonymous_7)
FNDA:0,(anonymous_8)
FNDA:0,(anonymous_9)
FNDA:0,(anonymous_10)
FNDA:0,(anonymous_11)
FNDA:0,(anonymous_12)
FNDA:0,(anonymous_13)
FNDA:0,(anonymous_14)
FNDA:0,(anonymous_15)
FNDA:0,(anonymous_16)
FNDA:0,(anonymous_17)
FNDA:0,(anonymous_18)
FNDA:0,(anonymous_19)
FNDA:0,(anonymous_20)
DA:7,0
DA:19,0
DA:21,0
DA:22,0
DA:23,0
DA:27,0
DA:28,0
DA:29,0
DA:42,0
DA:43,0
DA:45,0
DA:52,0
DA:54,0
DA:55,0
DA:59,0
DA:60,0
DA:61,0
DA:63,0
DA:64,0
DA:75,0
DA:76,0
DA:86,0
DA:95,0
DA:96,0
DA:107,0
DA:108,0
DA:112,0
DA:114,0
DA:117,0
DA:118,0
DA:119,0
DA:128,0
DA:135,0
DA:136,0
DA:143,0
DA:144,0
DA:151,0
DA:152,0
DA:153,0
DA:161,0
DA:162,0
DA:165,0
DA:166,0
DA:168,0
DA:173,0
DA:174,0
DA:176,0
DA:204,0
DA:214,0
DA:226,0
DA:239,0
DA:240,0
DA:242,0
DA:260,0
DA:264,0
DA:277,0
DA:288,0
DA:317,0
DA:326,0
DA:353,0
DA:376,0
DA:418,0
DA:439,0
DA:444,0
LF:64
LH:0
BRDA:22,0,0,0
BRDA:22,0,1,0
BRDA:60,1,0,0
BRDA:60,1,1,0
BRDA:75,2,0,0
BRDA:75,2,1,0
BRDA:75,3,0,0
BRDA:75,3,1,0
BRDA:107,4,0,0
BRDA:107,4,1,0
BRDA:131,5,0,0
BRDA:131,5,1,0
BRDA:161,6,0,0
BRDA:161,6,1,0
BRDA:174,7,0,0
BRDA:174,7,1,0
BRDA:240,8,0,0
BRDA:240,8,1,0
BRDA:383,9,0,0
BRDA:383,9,1,0
BRDA:393,10,0,0
BRDA:393,10,1,0
BRDA:405,11,0,0
BRDA:405,11,1,0
BRDA:442,12,0,0
BRDA:442,12,1,0
BRF:26
BRH:0
end_of_record
TN:
SF:src/sidebar/Sidebar.js
FN:10,(anonymous_0)
FN:14,(anonymous_1)
FN:18,(anonymous_2)
FN:22,(anonymous_3)
FN:26,(anonymous_4)
FN:30,(anonymous_5)
FN:34,(anonymous_6)
FN:38,(anonymous_7)
FN:42,(anonymous_8)
FN:46,(anonymous_9)
FNF:10
FNH:0
FNDA:0,(anonymous_0)
FNDA:0,(anonymous_1)
FNDA:0,(anonymous_2)
FNDA:0,(anonymous_3)
FNDA:0,(anonymous_4)
FNDA:0,(anonymous_5)
FNDA:0,(anonymous_6)
FNDA:0,(anonymous_7)
FNDA:0,(anonymous_8)
FNDA:0,(anonymous_9)
DA:11,0
DA:14,0
DA:18,0
DA:22,0
DA:26,0
DA:30,0
DA:34,0
DA:38,0
DA:42,0
DA:46,0
LF:10
LH:0
BRF:0
BRH:0
end_of_record
TN:
SF:src/spinners/Spinner.js
FN:3,Spinner
FNF:1
FNH:0
FNDA:0,Spinner
DA:4,0
LF:1
LH:0
BRF:0
BRH:0
end_of_record
